[ 2017-06-21T14:02:42+08:00 ] [ sql ] [ DB ] CONNECT:[ UseTime:0.012001s ] mysql:dbname=zerg;host=127.0.0.1;charset=utf8
[ sql ] [ SQL ] SHOW COLUMNS FROM `theme` [ RunTime:0.017001s ]
[ sql ] [ SQL ] SELECT * FROM `theme` WHERE  `id` IN (1,2,3) [ RunTime:0.005001s ]
[ sql ] [ SQL ] SHOW COLUMNS FROM `image` [ RunTime:0.005000s ]
[ sql ] [ SQL ] SELECT * FROM `image` WHERE  `id` IN (16,17,18) [ RunTime:0.001000s ]
[ sql ] [ SQL ] SELECT * FROM `image` WHERE  `id` IN (49,50,18) [ RunTime:0.001000s ]

---------------------------------------------------------------
[ 2017-06-21T14:02:42+08:00 ] [ sql ] [ DB ] CONNECT:[ UseTime:0.009000s ] mysql:dbname=zerg;host=127.0.0.1;charset=utf8
[ sql ] [ SQL ] SHOW COLUMNS FROM `banner` [ RunTime:0.018001s ]
[ sql ] [ SQL ] SELECT * FROM `banner` WHERE  `id` = 1 LIMIT 1 [ RunTime:0.004001s ]
[ sql ] [ SQL ] SHOW COLUMNS FROM `banner_item` [ RunTime:0.004000s ]
[ sql ] [ SQL ] SELECT * FROM `banner_item` WHERE  `banner_id` = 1 [ RunTime:0.001000s ]
[ sql ] [ SQL ] SELECT * FROM `banner_item` WHERE  `banner_id` = 1 [ RunTime:0.000000s ]
[ sql ] [ SQL ] SHOW COLUMNS FROM `image` [ RunTime:0.002000s ]
[ sql ] [ SQL ] SELECT * FROM `image` WHERE  `id` IN (65,2,3,1) [ RunTime:0.002000s ]

---------------------------------------------------------------
[ 2017-06-21T14:02:42+08:00 ] [ sql ] [ DB ] CONNECT:[ UseTime:0.024001s ] mysql:dbname=zerg;host=127.0.0.1;charset=utf8
[ sql ] [ SQL ] SHOW COLUMNS FROM `product` [ RunTime:0.018001s ]
[ sql ] [ SQL ] SELECT * FROM `product` ORDER BY create_time desc LIMIT 15 [ RunTime:0.004001s ]

---------------------------------------------------------------
[ 2017-06-21T14:02:43+08:00 ] [ sql ] [ DB ] CONNECT:[ UseTime:0.011001s ] mysql:dbname=zerg;host=127.0.0.1;charset=utf8
[ sql ] [ SQL ] SHOW COLUMNS FROM `user` [ RunTime:0.005000s ]
[ sql ] [ SQL ] SELECT * FROM `user` WHERE  `openid` = 'oT0n90H5oVdCnRcQS1jzJxknL4K0' LIMIT 1 [ RunTime:0.000000s ]

---------------------------------------------------------------
[ 2017-06-21T14:02:45+08:00 ] [ sql ] [ DB ] CONNECT:[ UseTime:0.002000s ] mysql:dbname=zerg;host=127.0.0.1;charset=utf8
[ sql ] [ SQL ] SHOW COLUMNS FROM `category` [ RunTime:0.018001s ]
[ sql ] [ SQL ] SELECT * FROM `category` [ RunTime:0.001000s ]
[ sql ] [ SQL ] SHOW COLUMNS FROM `image` [ RunTime:0.001000s ]
[ sql ] [ SQL ] SELECT * FROM `image` WHERE  `id` IN (6,5,7,4,8,9) [ RunTime:0.001000s ]

---------------------------------------------------------------
[ 2017-06-21T14:02:45+08:00 ] [ sql ] [ DB ] CONNECT:[ UseTime:0.001000s ] mysql:dbname=zerg;host=127.0.0.1;charset=utf8
[ sql ] [ SQL ] SHOW COLUMNS FROM `product` [ RunTime:0.002000s ]
[ sql ] [ SQL ] SELECT * FROM `product` WHERE  `category_id` = 2 [ RunTime:0.000000s ]

---------------------------------------------------------------
[ 2017-06-21T14:02:47+08:00 ] [ sql ] [ DB ] CONNECT:[ UseTime:0.002000s ] mysql:dbname=zerg;host=127.0.0.1;charset=utf8
[ sql ] [ SQL ] SHOW COLUMNS FROM `product` [ RunTime:0.002000s ]
[ sql ] [ SQL ] SELECT * FROM `product` WHERE  `category_id` = 3 [ RunTime:0.000000s ]

---------------------------------------------------------------
[ 2017-06-21T14:02:48+08:00 ] [ sql ] [ DB ] CONNECT:[ UseTime:0.003000s ] mysql:dbname=zerg;host=127.0.0.1;charset=utf8
[ sql ] [ SQL ] SHOW COLUMNS FROM `product` [ RunTime:0.001000s ]
[ sql ] [ SQL ] SELECT * FROM `product` WHERE  `category_id` = 4 [ RunTime:0.000000s ]

---------------------------------------------------------------
[ 2017-06-21T14:02:49+08:00 ] [ sql ] [ DB ] CONNECT:[ UseTime:0.002000s ] mysql:dbname=zerg;host=127.0.0.1;charset=utf8
[ sql ] [ SQL ] SHOW COLUMNS FROM `product` [ RunTime:0.001000s ]
[ sql ] [ SQL ] SELECT * FROM `product` WHERE  `category_id` = 5 [ RunTime:0.001000s ]

---------------------------------------------------------------
[ 2017-06-21T14:02:50+08:00 ] [ sql ] [ DB ] CONNECT:[ UseTime:0.011001s ] mysql:dbname=zerg;host=127.0.0.1;charset=utf8
[ sql ] [ SQL ] SHOW COLUMNS FROM `product` [ RunTime:0.002000s ]
[ sql ] [ SQL ] SELECT * FROM `product` WHERE  `category_id` = 6 [ RunTime:0.001000s ]

---------------------------------------------------------------
[ 2017-06-21T14:02:51+08:00 ] [ sql ] [ DB ] CONNECT:[ UseTime:0.011001s ] mysql:dbname=zerg;host=127.0.0.1;charset=utf8
[ sql ] [ SQL ] SHOW COLUMNS FROM `product` [ RunTime:0.002000s ]
[ sql ] [ SQL ] SELECT * FROM `product` WHERE  `category_id` = 7 [ RunTime:0.000000s ]

---------------------------------------------------------------
[ 2017-06-21T14:02:52+08:00 ] [ sql ] [ DB ] CONNECT:[ UseTime:0.002000s ] mysql:dbname=zerg;host=127.0.0.1;charset=utf8
[ sql ] [ SQL ] SHOW COLUMNS FROM `product` [ RunTime:0.002000s ]
[ sql ] [ SQL ] SELECT * FROM `product` WHERE  `category_id` = 6 [ RunTime:0.000000s ]

---------------------------------------------------------------
[ 2017-06-21T14:02:53+08:00 ] [ sql ] [ DB ] CONNECT:[ UseTime:0.001000s ] mysql:dbname=zerg;host=127.0.0.1;charset=utf8
[ sql ] [ SQL ] SHOW COLUMNS FROM `product` [ RunTime:0.001000s ]
[ sql ] [ SQL ] SELECT * FROM `product` WHERE  `category_id` = 5 [ RunTime:0.001000s ]

---------------------------------------------------------------
[ 2017-06-21T14:02:54+08:00 ] [ sql ] [ DB ] CONNECT:[ UseTime:0.011001s ] mysql:dbname=zerg;host=127.0.0.1;charset=utf8
[ sql ] [ SQL ] SHOW COLUMNS FROM `product` [ RunTime:0.001000s ]
[ sql ] [ SQL ] SELECT * FROM `product` WHERE  `category_id` = 4 [ RunTime:0.001000s ]

---------------------------------------------------------------
[ 2017-06-21T14:02:55+08:00 ] [ sql ] [ DB ] CONNECT:[ UseTime:0.001000s ] mysql:dbname=zerg;host=127.0.0.1;charset=utf8
[ sql ] [ SQL ] SHOW COLUMNS FROM `product` [ RunTime:0.001000s ]
[ sql ] [ SQL ] SELECT * FROM `product` WHERE  `category_id` = 3 [ RunTime:0.001000s ]

---------------------------------------------------------------
[ 2017-06-21T14:02:56+08:00 ] [ sql ] [ DB ] CONNECT:[ UseTime:0.001000s ] mysql:dbname=zerg;host=127.0.0.1;charset=utf8
[ sql ] [ SQL ] SHOW COLUMNS FROM `product` [ RunTime:0.002000s ]
[ sql ] [ SQL ] SELECT * FROM `product` WHERE  `category_id` = 2 [ RunTime:0.001000s ]

---------------------------------------------------------------
[ 2017-06-21T14:05:02+08:00 ] [ sql ] [ DB ] CONNECT:[ UseTime:0.001000s ] mysql:dbname=zerg;host=127.0.0.1;charset=utf8
[ sql ] [ SQL ] SHOW COLUMNS FROM `product` [ RunTime:0.002001s ]
[ sql ] [ SQL ] SELECT * FROM `product` WHERE  `category_id` = 3 [ RunTime:0.000000s ]

---------------------------------------------------------------
[ 2017-06-21T14:05:03+08:00 ] [ sql ] [ DB ] CONNECT:[ UseTime:0.001000s ] mysql:dbname=zerg;host=127.0.0.1;charset=utf8
[ sql ] [ SQL ] SHOW COLUMNS FROM `product` [ RunTime:0.001000s ]
[ sql ] [ SQL ] SELECT * FROM `product` WHERE  `category_id` = 4 [ RunTime:0.001000s ]

---------------------------------------------------------------
[ 2017-06-21T14:05:04+08:00 ] [ sql ] [ DB ] CONNECT:[ UseTime:0.002000s ] mysql:dbname=zerg;host=127.0.0.1;charset=utf8
[ sql ] [ SQL ] SHOW COLUMNS FROM `product` [ RunTime:0.001000s ]
[ sql ] [ SQL ] SELECT * FROM `product` WHERE  `category_id` = 5 [ RunTime:0.001000s ]

---------------------------------------------------------------
[ 2017-06-21T14:05:04+08:00 ] [ sql ] [ DB ] CONNECT:[ UseTime:0.011000s ] mysql:dbname=zerg;host=127.0.0.1;charset=utf8
[ sql ] [ SQL ] SHOW COLUMNS FROM `product` [ RunTime:0.002000s ]
[ sql ] [ SQL ] SELECT * FROM `product` WHERE  `category_id` = 2 [ RunTime:0.000000s ]

---------------------------------------------------------------
[ 2017-06-21T14:07:45+08:00 ] [ sql ] [ DB ] CONNECT:[ UseTime:0.015000s ] mysql:dbname=zerg;host=127.0.0.1;charset=utf8
[ sql ] [ SQL ] SHOW COLUMNS FROM `banner` [ RunTime:0.002001s ]
[ sql ] [ SQL ] SELECT * FROM `banner` WHERE  `id` = 1 LIMIT 1 [ RunTime:0.001000s ]
[ sql ] [ SQL ] SHOW COLUMNS FROM `banner_item` [ RunTime:0.002000s ]
[ sql ] [ SQL ] SELECT * FROM `banner_item` WHERE  `banner_id` = 1 [ RunTime:0.001000s ]
[ sql ] [ SQL ] SELECT * FROM `banner_item` WHERE  `banner_id` = 1 [ RunTime:0.001000s ]
[ sql ] [ SQL ] SHOW COLUMNS FROM `image` [ RunTime:0.002001s ]
[ sql ] [ SQL ] SELECT * FROM `image` WHERE  `id` IN (65,2,3,1) [ RunTime:0.000000s ]

---------------------------------------------------------------
[ 2017-06-21T14:07:45+08:00 ] [ sql ] [ DB ] CONNECT:[ UseTime:0.011000s ] mysql:dbname=zerg;host=127.0.0.1;charset=utf8
[ sql ] [ SQL ] SHOW COLUMNS FROM `product` [ RunTime:0.001000s ]
[ sql ] [ SQL ] SELECT * FROM `product` ORDER BY create_time desc LIMIT 15 [ RunTime:0.000000s ]

---------------------------------------------------------------
[ 2017-06-21T14:07:45+08:00 ] [ sql ] [ DB ] CONNECT:[ UseTime:0.011001s ] mysql:dbname=zerg;host=127.0.0.1;charset=utf8
[ sql ] [ SQL ] SHOW COLUMNS FROM `theme` [ RunTime:0.002000s ]
[ sql ] [ SQL ] SELECT * FROM `theme` WHERE  `id` IN (1,2,3) [ RunTime:0.001001s ]
[ sql ] [ SQL ] SHOW COLUMNS FROM `image` [ RunTime:0.001000s ]
[ sql ] [ SQL ] SELECT * FROM `image` WHERE  `id` IN (16,17,18) [ RunTime:0.000000s ]
[ sql ] [ SQL ] SELECT * FROM `image` WHERE  `id` IN (49,50,18) [ RunTime:0.000000s ]

---------------------------------------------------------------
[ 2017-06-21T14:07:48+08:00 ] [ sql ] [ DB ] CONNECT:[ UseTime:0.001000s ] mysql:dbname=zerg;host=127.0.0.1;charset=utf8
[ sql ] [ SQL ] SHOW COLUMNS FROM `category` [ RunTime:0.001000s ]
[ sql ] [ SQL ] SELECT * FROM `category` [ RunTime:0.001000s ]
[ sql ] [ SQL ] SHOW COLUMNS FROM `image` [ RunTime:0.001000s ]
[ sql ] [ SQL ] SELECT * FROM `image` WHERE  `id` IN (6,5,7,4,8,9) [ RunTime:0.001000s ]

---------------------------------------------------------------
[ 2017-06-21T14:07:48+08:00 ] [ sql ] [ DB ] CONNECT:[ UseTime:0.001000s ] mysql:dbname=zerg;host=127.0.0.1;charset=utf8
[ sql ] [ SQL ] SHOW COLUMNS FROM `product` [ RunTime:0.001000s ]
[ sql ] [ SQL ] SELECT * FROM `product` WHERE  `category_id` = 2 [ RunTime:0.001000s ]

---------------------------------------------------------------
[ 2017-06-21T14:07:54+08:00 ] [ sql ] [ DB ] CONNECT:[ UseTime:0.001000s ] mysql:dbname=zerg;host=127.0.0.1;charset=utf8
[ sql ] [ SQL ] SHOW COLUMNS FROM `product` [ RunTime:0.001000s ]
[ sql ] [ SQL ] SELECT * FROM `product` WHERE  `category_id` = 6 [ RunTime:0.001000s ]

---------------------------------------------------------------
[ 2017-06-21T14:07:56+08:00 ] [ sql ] [ DB ] CONNECT:[ UseTime:0.001000s ] mysql:dbname=zerg;host=127.0.0.1;charset=utf8
[ sql ] [ SQL ] SHOW COLUMNS FROM `product` [ RunTime:0.000000s ]
[ sql ] [ SQL ] SELECT * FROM `product` WHERE  `category_id` = 7 [ RunTime:0.001000s ]

---------------------------------------------------------------
[ 2017-06-21T14:07:57+08:00 ] [ sql ] [ DB ] CONNECT:[ UseTime:0.001000s ] mysql:dbname=zerg;host=127.0.0.1;charset=utf8
[ sql ] [ SQL ] SHOW COLUMNS FROM `product` [ RunTime:0.001000s ]
[ sql ] [ SQL ] SELECT * FROM `product` WHERE  `category_id` = 5 [ RunTime:0.001000s ]

---------------------------------------------------------------
[ 2017-06-21T14:07:58+08:00 ] [ sql ] [ DB ] CONNECT:[ UseTime:0.002000s ] mysql:dbname=zerg;host=127.0.0.1;charset=utf8
[ sql ] [ SQL ] SHOW COLUMNS FROM `product` [ RunTime:0.001000s ]
[ sql ] [ SQL ] SELECT * FROM `product` WHERE  `category_id` = 4 [ RunTime:0.001000s ]

---------------------------------------------------------------
[ 2017-06-21T14:07:59+08:00 ] [ sql ] [ DB ] CONNECT:[ UseTime:0.001000s ] mysql:dbname=zerg;host=127.0.0.1;charset=utf8
[ sql ] [ SQL ] SHOW COLUMNS FROM `product` [ RunTime:0.000000s ]
[ sql ] [ SQL ] SELECT * FROM `product` WHERE  `category_id` = 3 [ RunTime:0.001000s ]

---------------------------------------------------------------
[ 2017-06-21T14:08:00+08:00 ] [ sql ] [ DB ] CONNECT:[ UseTime:0.001000s ] mysql:dbname=zerg;host=127.0.0.1;charset=utf8
[ sql ] [ SQL ] SHOW COLUMNS FROM `product` [ RunTime:0.001001s ]
[ sql ] [ SQL ] SELECT * FROM `product` WHERE  `category_id` = 2 [ RunTime:0.000000s ]

---------------------------------------------------------------
[ 2017-06-21T14:08:01+08:00 ] [ sql ] [ DB ] CONNECT:[ UseTime:0.011000s ] mysql:dbname=zerg;host=127.0.0.1;charset=utf8
[ sql ] [ SQL ] SHOW COLUMNS FROM `product` [ RunTime:0.001000s ]
[ sql ] [ SQL ] SELECT * FROM `product` WHERE  `category_id` = 3 [ RunTime:0.001000s ]

---------------------------------------------------------------
[ 2017-06-21T14:08:03+08:00 ] [ sql ] [ DB ] CONNECT:[ UseTime:0.001000s ] mysql:dbname=zerg;host=127.0.0.1;charset=utf8
[ sql ] [ SQL ] SHOW COLUMNS FROM `product` [ RunTime:0.001000s ]
[ sql ] [ SQL ] SELECT * FROM `product` WHERE  `category_id` = 4 [ RunTime:0.000000s ]

---------------------------------------------------------------
[ 2017-06-21T14:08:04+08:00 ] [ sql ] [ DB ] CONNECT:[ UseTime:0.011001s ] mysql:dbname=zerg;host=127.0.0.1;charset=utf8
[ sql ] [ SQL ] SHOW COLUMNS FROM `product` [ RunTime:0.001000s ]
[ sql ] [ SQL ] SELECT * FROM `product` WHERE  `category_id` = 5 [ RunTime:0.000000s ]

---------------------------------------------------------------
[ 2017-06-21T14:08:05+08:00 ] [ sql ] [ DB ] CONNECT:[ UseTime:0.011000s ] mysql:dbname=zerg;host=127.0.0.1;charset=utf8
[ sql ] [ SQL ] SHOW COLUMNS FROM `product` [ RunTime:0.001000s ]
[ sql ] [ SQL ] SELECT * FROM `product` WHERE  `category_id` = 6 [ RunTime:0.001000s ]

---------------------------------------------------------------
[ 2017-06-21T14:08:05+08:00 ] [ sql ] [ DB ] CONNECT:[ UseTime:0.001000s ] mysql:dbname=zerg;host=127.0.0.1;charset=utf8
[ sql ] [ SQL ] SHOW COLUMNS FROM `product` [ RunTime:0.001000s ]
[ sql ] [ SQL ] SELECT * FROM `product` WHERE  `category_id` = 7 [ RunTime:0.000000s ]

---------------------------------------------------------------
[ 2017-06-21T14:08:06+08:00 ] [ sql ] [ DB ] CONNECT:[ UseTime:0.010001s ] mysql:dbname=zerg;host=127.0.0.1;charset=utf8
[ sql ] [ SQL ] SHOW COLUMNS FROM `product` [ RunTime:0.001000s ]
[ sql ] [ SQL ] SELECT * FROM `product` WHERE  `category_id` = 6 [ RunTime:0.001000s ]

---------------------------------------------------------------
[ 2017-06-21T14:08:09+08:00 ] [ sql ] [ DB ] CONNECT:[ UseTime:0.011001s ] mysql:dbname=zerg;host=127.0.0.1;charset=utf8
[ sql ] [ SQL ] SHOW COLUMNS FROM `product` [ RunTime:0.001000s ]
[ sql ] [ SQL ] SELECT * FROM `product` WHERE  `category_id` = 2 [ RunTime:0.000000s ]

---------------------------------------------------------------
[ 2017-06-21T22:46:32+08:00 ] [ sql ] [ DB ] CONNECT:[ UseTime:0.004001s ] mysql:dbname=zerg;host=127.0.0.1;charset=utf8
[ sql ] [ SQL ] SHOW COLUMNS FROM `user` [ RunTime:0.007000s ]
[ sql ] [ SQL ] SELECT * FROM `user` WHERE  `openid` = 'oT0n90H5oVdCnRcQS1jzJxknL4K0' LIMIT 1 [ RunTime:0.001000s ]

---------------------------------------------------------------
[ 2017-06-21T22:46:32+08:00 ] [ sql ] [ DB ] CONNECT:[ UseTime:0.002000s ] mysql:dbname=zerg;host=127.0.0.1;charset=utf8
[ sql ] [ SQL ] SHOW COLUMNS FROM `product` [ RunTime:0.012000s ]
[ sql ] [ SQL ] SELECT * FROM `product` ORDER BY create_time desc LIMIT 15 [ RunTime:0.002000s ]

---------------------------------------------------------------
[ 2017-06-21T22:46:32+08:00 ] [ sql ] [ DB ] CONNECT:[ UseTime:0.002000s ] mysql:dbname=zerg;host=127.0.0.1;charset=utf8
[ sql ] [ SQL ] SHOW COLUMNS FROM `banner` [ RunTime:0.007000s ]
[ sql ] [ SQL ] SELECT * FROM `banner` WHERE  `id` = 1 LIMIT 1 [ RunTime:0.001000s ]
[ sql ] [ SQL ] SHOW COLUMNS FROM `banner_item` [ RunTime:0.019001s ]
[ sql ] [ SQL ] SELECT * FROM `banner_item` WHERE  `banner_id` = 1 [ RunTime:0.001000s ]
[ sql ] [ SQL ] SELECT * FROM `banner_item` WHERE  `banner_id` = 1 [ RunTime:0.001000s ]
[ sql ] [ SQL ] SHOW COLUMNS FROM `image` [ RunTime:0.006001s ]
[ sql ] [ SQL ] SELECT * FROM `image` WHERE  `id` IN (65,2,3,1) [ RunTime:0.001000s ]

---------------------------------------------------------------
[ 2017-06-21T22:46:32+08:00 ] [ sql ] [ DB ] CONNECT:[ UseTime:0.001000s ] mysql:dbname=zerg;host=127.0.0.1;charset=utf8
[ sql ] [ SQL ] SHOW COLUMNS FROM `theme` [ RunTime:0.012001s ]
[ sql ] [ SQL ] SELECT * FROM `theme` WHERE  `id` IN (1,2,3) [ RunTime:0.003000s ]
[ sql ] [ SQL ] SHOW COLUMNS FROM `image` [ RunTime:0.009001s ]
[ sql ] [ SQL ] SELECT * FROM `image` WHERE  `id` IN (16,17,18) [ RunTime:0.001000s ]
[ sql ] [ SQL ] SELECT * FROM `image` WHERE  `id` IN (49,50,18) [ RunTime:0.001000s ]

---------------------------------------------------------------
