[ 2017-06-23T12:03:53+08:00 ] [ sql ] [ DB ] CONNECT:[ UseTime:0.013001s ] mysql:dbname=zerg;host=127.0.0.1;charset=utf8
[ sql ] [ SQL ] SHOW COLUMNS FROM `user` [ RunTime:0.026001s ]
[ sql ] [ SQL ] SELECT * FROM `user` WHERE  `openid` = 'oT0n90H5oVdCnRcQS1jzJxknL4K0' LIMIT 1 [ RunTime:0.004000s ]

---------------------------------------------------------------
[ 2017-06-23T12:03:55+08:00 ] [ sql ] [ DB ] CONNECT:[ UseTime:0.004000s ] mysql:dbname=zerg;host=127.0.0.1;charset=utf8
[ sql ] [ SQL ] SHOW COLUMNS FROM `banner` [ RunTime:0.008001s ]
[ sql ] [ SQL ] SELECT * FROM `banner` WHERE  `id` = 1 LIMIT 1 [ RunTime:0.003000s ]
[ sql ] [ SQL ] SHOW COLUMNS FROM `banner_item` [ RunTime:0.010000s ]
[ sql ] [ SQL ] SELECT * FROM `banner_item` WHERE  `banner_id` = 1 [ RunTime:0.005001s ]
[ sql ] [ SQL ] SELECT * FROM `banner_item` WHERE  `banner_id` = 1 [ RunTime:0.001000s ]
[ sql ] [ SQL ] SHOW COLUMNS FROM `image` [ RunTime:0.020001s ]
[ sql ] [ SQL ] SELECT * FROM `image` WHERE  `id` IN (65,2,3,1) [ RunTime:0.002000s ]

---------------------------------------------------------------
[ 2017-06-23T12:03:56+08:00 ] [ sql ] [ DB ] CONNECT:[ UseTime:0.002000s ] mysql:dbname=zerg;host=127.0.0.1;charset=utf8
[ sql ] [ SQL ] SHOW COLUMNS FROM `product` [ RunTime:0.006001s ]
[ sql ] [ SQL ] SELECT * FROM `product` ORDER BY create_time desc LIMIT 15 [ RunTime:0.002000s ]

---------------------------------------------------------------
[ 2017-06-23T12:03:56+08:00 ] [ sql ] [ DB ] CONNECT:[ UseTime:0.002000s ] mysql:dbname=zerg;host=127.0.0.1;charset=utf8
[ sql ] [ SQL ] SHOW COLUMNS FROM `theme` [ RunTime:0.006001s ]
[ sql ] [ SQL ] SELECT * FROM `theme` WHERE  `id` IN (1,2,3) [ RunTime:0.001000s ]
[ sql ] [ SQL ] SHOW COLUMNS FROM `image` [ RunTime:0.004000s ]
[ sql ] [ SQL ] SELECT * FROM `image` WHERE  `id` IN (16,17,18) [ RunTime:0.003000s ]
[ sql ] [ SQL ] SELECT * FROM `image` WHERE  `id` IN (49,50,18) [ RunTime:0.002000s ]

---------------------------------------------------------------
[ 2017-06-23T12:21:33+08:00 ] [ sql ] [ DB ] CONNECT:[ UseTime:0.001000s ] mysql:dbname=zerg;host=127.0.0.1;charset=utf8
[ sql ] [ SQL ] SHOW COLUMNS FROM `theme` [ RunTime:0.002000s ]
[ sql ] [ SQL ] SELECT * FROM `theme` WHERE  `id` = 2 LIMIT 1 [ RunTime:0.000000s ]
[ sql ] [ SQL ] SHOW COLUMNS FROM `product` [ RunTime:0.002000s ]
[ sql ] [ SQL ] SHOW COLUMNS FROM `theme_product` [ RunTime:0.004000s ]
[ sql ] [ SQL ] SELECT `product`.*,pivot.theme_id AS pivot__theme_id,pivot.product_id AS pivot__product_id FROM `product` INNER JOIN `theme_product` `pivot` ON `pivot`.`product_id`=`product`.`id` WHERE  `pivot`.`theme_id` = 2 [ RunTime:0.001001s ]
[ sql ] [ SQL ] SHOW COLUMNS FROM `image` [ RunTime:0.002000s ]
[ sql ] [ SQL ] SELECT * FROM `image` WHERE  `id` = 17 [ RunTime:0.001000s ]
[ sql ] [ SQL ] SELECT * FROM `image` WHERE  `id` = 50 [ RunTime:0.000000s ]

---------------------------------------------------------------
[ 2017-06-23T12:21:35+08:00 ] [ sql ] [ DB ] CONNECT:[ UseTime:0.011000s ] mysql:dbname=zerg;host=127.0.0.1;charset=utf8
[ sql ] [ SQL ] SHOW COLUMNS FROM `product` [ RunTime:0.004000s ]
[ sql ] [ SQL ] SELECT * FROM `product` WHERE  `id` = 1 LIMIT 1 [ RunTime:0.001000s ]
[ sql ] [ SQL ] SHOW COLUMNS FROM `product_image` [ RunTime:0.005000s ]
[ sql ] [ SQL ] SELECT * FROM `product_image` WHERE  `product_id` = 1 ORDER BY `order`  asc [ RunTime:0.001000s ]
[ sql ] [ SQL ] SHOW COLUMNS FROM `product_property` [ RunTime:0.004000s ]
[ sql ] [ SQL ] SELECT * FROM `product_property` WHERE  `product_id` = 1 [ RunTime:0.001000s ]

---------------------------------------------------------------
[ 2017-06-23T12:34:26+08:00 ] [ sql ] [ DB ] CONNECT:[ UseTime:0.006001s ] mysql:dbname=zerg;host=127.0.0.1;charset=utf8
[ sql ] [ SQL ] SHOW COLUMNS FROM `product` [ RunTime:0.003000s ]
[ sql ] [ SQL ] SELECT * FROM `product` WHERE  `id` = 4 LIMIT 1 [ RunTime:0.001000s ]
[ sql ] [ SQL ] SHOW COLUMNS FROM `product_image` [ RunTime:0.004001s ]
[ sql ] [ SQL ] SELECT * FROM `product_image` WHERE  `product_id` = 4 ORDER BY `order`  asc [ RunTime:0.001000s ]
[ sql ] [ SQL ] SHOW COLUMNS FROM `product_property` [ RunTime:0.002000s ]
[ sql ] [ SQL ] SELECT * FROM `product_property` WHERE  `product_id` = 4 [ RunTime:0.001000s ]

---------------------------------------------------------------
[ 2017-06-23T12:34:39+08:00 ] [ sql ] [ DB ] CONNECT:[ UseTime:0.001000s ] mysql:dbname=zerg;host=127.0.0.1;charset=utf8
[ sql ] [ SQL ] SHOW COLUMNS FROM `product` [ RunTime:0.002000s ]
[ sql ] [ SQL ] SELECT * FROM `product` WHERE  `id` = 11 LIMIT 1 [ RunTime:0.001000s ]
[ sql ] [ SQL ] SHOW COLUMNS FROM `product_image` [ RunTime:0.001000s ]
[ sql ] [ SQL ] SELECT * FROM `product_image` WHERE  `product_id` = 11 ORDER BY `order`  asc [ RunTime:0.001000s ]
[ sql ] [ SQL ] SHOW COLUMNS FROM `image` [ RunTime:0.002000s ]
[ sql ] [ SQL ] SELECT * FROM `image` WHERE  `id` IN (19,20,21,22,23,24,25,26,27,29,28,62,63) [ RunTime:0.001000s ]
[ sql ] [ SQL ] SHOW COLUMNS FROM `product_property` [ RunTime:0.002000s ]
[ sql ] [ SQL ] SELECT * FROM `product_property` WHERE  `product_id` = 11 [ RunTime:0.001000s ]

---------------------------------------------------------------
[ 2017-06-23T12:55:24+08:00 ] [ sql ] [ DB ] CONNECT:[ UseTime:0.001000s ] mysql:dbname=zerg;host=127.0.0.1;charset=utf8
[ sql ] [ SQL ] SHOW COLUMNS FROM `banner` [ RunTime:0.003000s ]
[ sql ] [ SQL ] SELECT * FROM `banner` WHERE  `id` = 1 LIMIT 1 [ RunTime:0.000000s ]
[ sql ] [ SQL ] SHOW COLUMNS FROM `banner_item` [ RunTime:0.002000s ]
[ sql ] [ SQL ] SELECT * FROM `banner_item` WHERE  `banner_id` = 1 [ RunTime:0.001000s ]
[ sql ] [ SQL ] SELECT * FROM `banner_item` WHERE  `banner_id` = 1 [ RunTime:0.001000s ]
[ sql ] [ SQL ] SHOW COLUMNS FROM `image` [ RunTime:0.001000s ]
[ sql ] [ SQL ] SELECT * FROM `image` WHERE  `id` IN (65,2,3,1) [ RunTime:0.000000s ]

---------------------------------------------------------------
[ 2017-06-23T12:55:24+08:00 ] [ sql ] [ DB ] CONNECT:[ UseTime:0.002000s ] mysql:dbname=zerg;host=127.0.0.1;charset=utf8
[ sql ] [ SQL ] SHOW COLUMNS FROM `product` [ RunTime:0.002000s ]
[ sql ] [ SQL ] SELECT * FROM `product` ORDER BY create_time desc LIMIT 15 [ RunTime:0.002000s ]

---------------------------------------------------------------
[ 2017-06-23T12:55:24+08:00 ] [ sql ] [ DB ] CONNECT:[ UseTime:0.003000s ] mysql:dbname=zerg;host=127.0.0.1;charset=utf8
[ sql ] [ SQL ] SHOW COLUMNS FROM `theme` [ RunTime:0.007000s ]
[ sql ] [ SQL ] SELECT * FROM `theme` WHERE  `id` IN (1,2,3) [ RunTime:0.008001s ]
[ sql ] [ SQL ] SHOW COLUMNS FROM `image` [ RunTime:0.002000s ]
[ sql ] [ SQL ] SELECT * FROM `image` WHERE  `id` IN (16,17,18) [ RunTime:0.000000s ]
[ sql ] [ SQL ] SELECT * FROM `image` WHERE  `id` IN (49,50,18) [ RunTime:0.001000s ]

---------------------------------------------------------------
[ 2017-06-23T13:33:16+08:00 ] [ sql ] [ DB ] CONNECT:[ UseTime:0.002000s ] mysql:dbname=zerg;host=127.0.0.1;charset=utf8
[ sql ] [ SQL ] SHOW COLUMNS FROM `category` [ RunTime:0.005000s ]
[ sql ] [ SQL ] SELECT * FROM `category` [ RunTime:0.001000s ]
[ sql ] [ SQL ] SHOW COLUMNS FROM `image` [ RunTime:0.002000s ]
[ sql ] [ SQL ] SELECT * FROM `image` WHERE  `id` IN (6,5,7,4,8,9) [ RunTime:0.001000s ]

---------------------------------------------------------------
[ 2017-06-23T13:33:16+08:00 ] [ sql ] [ DB ] CONNECT:[ UseTime:0.002000s ] mysql:dbname=zerg;host=127.0.0.1;charset=utf8
[ sql ] [ SQL ] SHOW COLUMNS FROM `product` [ RunTime:0.002001s ]
[ sql ] [ SQL ] SELECT * FROM `product` WHERE  `category_id` = 2 [ RunTime:0.001000s ]

---------------------------------------------------------------
[ 2017-06-23T13:35:12+08:00 ] [ sql ] [ DB ] CONNECT:[ UseTime:0.012001s ] mysql:dbname=zerg;host=127.0.0.1;charset=utf8
[ sql ] [ SQL ] SHOW COLUMNS FROM `product` [ RunTime:0.002000s ]
[ sql ] [ SQL ] SELECT * FROM `product` WHERE  `id` = 5 LIMIT 1 [ RunTime:0.001000s ]
[ sql ] [ SQL ] SHOW COLUMNS FROM `product_image` [ RunTime:0.002000s ]
[ sql ] [ SQL ] SELECT * FROM `product_image` WHERE  `product_id` = 5 ORDER BY `order`  asc [ RunTime:0.001000s ]
[ sql ] [ SQL ] SHOW COLUMNS FROM `product_property` [ RunTime:0.002000s ]
[ sql ] [ SQL ] SELECT * FROM `product_property` WHERE  `product_id` = 5 [ RunTime:0.001000s ]

---------------------------------------------------------------
[ 2017-06-23T14:04:43+08:00 ] [ sql ] [ DB ] CONNECT:[ UseTime:0.013001s ] mysql:dbname=zerg;host=127.0.0.1;charset=utf8
[ sql ] [ SQL ] SHOW COLUMNS FROM `user` [ RunTime:0.003000s ]
[ sql ] [ SQL ] SELECT * FROM `user` WHERE  `openid` = 'oT0n90H5oVdCnRcQS1jzJxknL4K0' LIMIT 1 [ RunTime:0.001000s ]

---------------------------------------------------------------
[ 2017-06-23T14:04:43+08:00 ] [ sql ] [ DB ] CONNECT:[ UseTime:0.001000s ] mysql:dbname=zerg;host=127.0.0.1;charset=utf8
[ sql ] [ SQL ] SHOW COLUMNS FROM `banner` [ RunTime:0.002000s ]
[ sql ] [ SQL ] SELECT * FROM `banner` WHERE  `id` = 1 LIMIT 1 [ RunTime:0.000000s ]
[ sql ] [ SQL ] SHOW COLUMNS FROM `banner_item` [ RunTime:0.002000s ]
[ sql ] [ SQL ] SELECT * FROM `banner_item` WHERE  `banner_id` = 1 [ RunTime:0.000000s ]
[ sql ] [ SQL ] SELECT * FROM `banner_item` WHERE  `banner_id` = 1 [ RunTime:0.001000s ]
[ sql ] [ SQL ] SHOW COLUMNS FROM `image` [ RunTime:0.002000s ]
[ sql ] [ SQL ] SELECT * FROM `image` WHERE  `id` IN (65,2,3,1) [ RunTime:0.002001s ]

---------------------------------------------------------------
[ 2017-06-23T14:04:44+08:00 ] [ sql ] [ DB ] CONNECT:[ UseTime:0.002000s ] mysql:dbname=zerg;host=127.0.0.1;charset=utf8
[ sql ] [ SQL ] SHOW COLUMNS FROM `product` [ RunTime:0.003000s ]
[ sql ] [ SQL ] SELECT * FROM `product` ORDER BY create_time desc LIMIT 15 [ RunTime:0.003000s ]

---------------------------------------------------------------
[ 2017-06-23T14:04:44+08:00 ] [ sql ] [ DB ] CONNECT:[ UseTime:0.011001s ] mysql:dbname=zerg;host=127.0.0.1;charset=utf8
[ sql ] [ SQL ] SHOW COLUMNS FROM `theme` [ RunTime:0.003000s ]
[ sql ] [ SQL ] SELECT * FROM `theme` WHERE  `id` IN (1,2,3) [ RunTime:0.001000s ]
[ sql ] [ SQL ] SHOW COLUMNS FROM `image` [ RunTime:0.001000s ]
[ sql ] [ SQL ] SELECT * FROM `image` WHERE  `id` IN (16,17,18) [ RunTime:0.000000s ]
[ sql ] [ SQL ] SELECT * FROM `image` WHERE  `id` IN (49,50,18) [ RunTime:0.001000s ]

---------------------------------------------------------------
[ 2017-06-23T14:06:01+08:00 ] [ sql ] [ DB ] CONNECT:[ UseTime:0.010001s ] mysql:dbname=zerg;host=127.0.0.1;charset=utf8
[ sql ] [ SQL ] SHOW COLUMNS FROM `banner` [ RunTime:0.002000s ]
[ sql ] [ SQL ] SELECT * FROM `banner` WHERE  `id` = 1 LIMIT 1 [ RunTime:0.001000s ]
[ sql ] [ SQL ] SHOW COLUMNS FROM `banner_item` [ RunTime:0.002000s ]
[ sql ] [ SQL ] SELECT * FROM `banner_item` WHERE  `banner_id` = 1 [ RunTime:0.001000s ]
[ sql ] [ SQL ] SELECT * FROM `banner_item` WHERE  `banner_id` = 1 [ RunTime:0.001000s ]
[ sql ] [ SQL ] SHOW COLUMNS FROM `image` [ RunTime:0.002000s ]
[ sql ] [ SQL ] SELECT * FROM `image` WHERE  `id` IN (65,2,3,1) [ RunTime:0.002000s ]

---------------------------------------------------------------
[ 2017-06-23T14:06:01+08:00 ] [ sql ] [ DB ] CONNECT:[ UseTime:0.001000s ] mysql:dbname=zerg;host=127.0.0.1;charset=utf8
[ sql ] [ SQL ] SHOW COLUMNS FROM `product` [ RunTime:0.002000s ]
[ sql ] [ SQL ] SELECT * FROM `product` ORDER BY create_time desc LIMIT 15 [ RunTime:0.001001s ]

---------------------------------------------------------------
[ 2017-06-23T14:06:01+08:00 ] [ sql ] [ DB ] CONNECT:[ UseTime:0.003001s ] mysql:dbname=zerg;host=127.0.0.1;charset=utf8
[ sql ] [ SQL ] SHOW COLUMNS FROM `theme` [ RunTime:0.002000s ]
[ sql ] [ SQL ] SELECT * FROM `theme` WHERE  `id` IN (1,2,3) [ RunTime:0.001000s ]
[ sql ] [ SQL ] SHOW COLUMNS FROM `image` [ RunTime:0.002000s ]
[ sql ] [ SQL ] SELECT * FROM `image` WHERE  `id` IN (16,17,18) [ RunTime:0.001000s ]
[ sql ] [ SQL ] SELECT * FROM `image` WHERE  `id` IN (49,50,18) [ RunTime:0.001000s ]

---------------------------------------------------------------
[ 2017-06-23T19:43:32+08:00 ] [ sql ] [ DB ] CONNECT:[ UseTime:0.013001s ] mysql:dbname=zerg;host=127.0.0.1;charset=utf8
[ sql ] [ SQL ] SHOW COLUMNS FROM `user` [ RunTime:0.015001s ]
[ sql ] [ SQL ] SELECT * FROM `user` WHERE  `openid` = 'oT0n90H5oVdCnRcQS1jzJxknL4K0' LIMIT 1 [ RunTime:0.001000s ]

---------------------------------------------------------------
[ 2017-06-23T19:43:33+08:00 ] [ sql ] [ DB ] CONNECT:[ UseTime:0.007000s ] mysql:dbname=zerg;host=127.0.0.1;charset=utf8
[ sql ] [ SQL ] SHOW COLUMNS FROM `banner` [ RunTime:0.045003s ]
[ sql ] [ SQL ] SELECT * FROM `banner` WHERE  `id` = 1 LIMIT 1 [ RunTime:0.001000s ]
[ sql ] [ SQL ] SHOW COLUMNS FROM `banner_item` [ RunTime:0.010000s ]
[ sql ] [ SQL ] SELECT * FROM `banner_item` WHERE  `banner_id` = 1 [ RunTime:0.001000s ]
[ sql ] [ SQL ] SELECT * FROM `banner_item` WHERE  `banner_id` = 1 [ RunTime:0.000000s ]
[ sql ] [ SQL ] SHOW COLUMNS FROM `image` [ RunTime:0.012000s ]
[ sql ] [ SQL ] SELECT * FROM `image` WHERE  `id` IN (65,2,3,1) [ RunTime:0.001000s ]

---------------------------------------------------------------
[ 2017-06-23T19:43:33+08:00 ] [ sql ] [ DB ] CONNECT:[ UseTime:0.003000s ] mysql:dbname=zerg;host=127.0.0.1;charset=utf8
[ sql ] [ SQL ] SHOW COLUMNS FROM `product` [ RunTime:0.021001s ]
[ sql ] [ SQL ] SELECT * FROM `product` ORDER BY create_time desc LIMIT 15 [ RunTime:0.001000s ]

---------------------------------------------------------------
[ 2017-06-23T19:43:33+08:00 ] [ sql ] [ DB ] CONNECT:[ UseTime:0.031001s ] mysql:dbname=zerg;host=127.0.0.1;charset=utf8
[ sql ] [ SQL ] SHOW COLUMNS FROM `theme` [ RunTime:0.015001s ]
[ sql ] [ SQL ] SELECT * FROM `theme` WHERE  `id` IN (1,2,3) [ RunTime:0.001000s ]
[ sql ] [ SQL ] SHOW COLUMNS FROM `image` [ RunTime:0.026001s ]
[ sql ] [ SQL ] SELECT * FROM `image` WHERE  `id` IN (16,17,18) [ RunTime:0.001000s ]
[ sql ] [ SQL ] SELECT * FROM `image` WHERE  `id` IN (49,50,18) [ RunTime:0.010000s ]

---------------------------------------------------------------
[ 2017-06-23T19:53:12+08:00 ] [ sql ] [ DB ] CONNECT:[ UseTime:0.003000s ] mysql:dbname=zerg;host=127.0.0.1;charset=utf8
[ sql ] [ SQL ] SHOW COLUMNS FROM `banner` [ RunTime:0.003000s ]
[ sql ] [ SQL ] SELECT * FROM `banner` WHERE  `id` = 1 LIMIT 1 [ RunTime:0.001000s ]
[ sql ] [ SQL ] SHOW COLUMNS FROM `banner_item` [ RunTime:0.002000s ]
[ sql ] [ SQL ] SELECT * FROM `banner_item` WHERE  `banner_id` = 1 [ RunTime:0.001000s ]
[ sql ] [ SQL ] SELECT * FROM `banner_item` WHERE  `banner_id` = 1 [ RunTime:0.000000s ]
[ sql ] [ SQL ] SHOW COLUMNS FROM `image` [ RunTime:0.002000s ]
[ sql ] [ SQL ] SELECT * FROM `image` WHERE  `id` IN (65,2,3,1) [ RunTime:0.003001s ]

---------------------------------------------------------------
[ 2017-06-23T19:53:12+08:00 ] [ sql ] [ DB ] CONNECT:[ UseTime:0.002000s ] mysql:dbname=zerg;host=127.0.0.1;charset=utf8
[ sql ] [ SQL ] SHOW COLUMNS FROM `product` [ RunTime:0.003000s ]
[ sql ] [ SQL ] SELECT * FROM `product` ORDER BY create_time desc LIMIT 15 [ RunTime:0.001000s ]

---------------------------------------------------------------
[ 2017-06-23T19:53:12+08:00 ] [ sql ] [ DB ] CONNECT:[ UseTime:0.001000s ] mysql:dbname=zerg;host=127.0.0.1;charset=utf8
[ sql ] [ SQL ] SHOW COLUMNS FROM `theme` [ RunTime:0.002000s ]
[ sql ] [ SQL ] SELECT * FROM `theme` WHERE  `id` IN (1,2,3) [ RunTime:0.001000s ]
[ sql ] [ SQL ] SHOW COLUMNS FROM `image` [ RunTime:0.002000s ]
[ sql ] [ SQL ] SELECT * FROM `image` WHERE  `id` IN (16,17,18) [ RunTime:0.001000s ]
[ sql ] [ SQL ] SELECT * FROM `image` WHERE  `id` IN (49,50,18) [ RunTime:0.000000s ]

---------------------------------------------------------------
[ 2017-06-23T20:04:55+08:00 ] [ sql ] [ DB ] CONNECT:[ UseTime:0.001001s ] mysql:dbname=zerg;host=127.0.0.1;charset=utf8
[ sql ] [ SQL ] SHOW COLUMNS FROM `theme` [ RunTime:0.002000s ]
[ sql ] [ SQL ] SELECT * FROM `theme` WHERE  `id` = 2 LIMIT 1 [ RunTime:0.001000s ]
[ sql ] [ SQL ] SHOW COLUMNS FROM `product` [ RunTime:0.002000s ]
[ sql ] [ SQL ] SHOW COLUMNS FROM `theme_product` [ RunTime:0.006000s ]
[ sql ] [ SQL ] SELECT `product`.*,pivot.theme_id AS pivot__theme_id,pivot.product_id AS pivot__product_id FROM `product` INNER JOIN `theme_product` `pivot` ON `pivot`.`product_id`=`product`.`id` WHERE  `pivot`.`theme_id` = 2 [ RunTime:0.001001s ]
[ sql ] [ SQL ] SHOW COLUMNS FROM `image` [ RunTime:0.002000s ]
[ sql ] [ SQL ] SELECT * FROM `image` WHERE  `id` = 17 [ RunTime:0.002000s ]
[ sql ] [ SQL ] SELECT * FROM `image` WHERE  `id` = 50 [ RunTime:0.001000s ]

---------------------------------------------------------------
[ 2017-06-23T20:04:57+08:00 ] [ sql ] [ DB ] CONNECT:[ UseTime:0.002000s ] mysql:dbname=zerg;host=127.0.0.1;charset=utf8
[ sql ] [ SQL ] SHOW COLUMNS FROM `product` [ RunTime:0.002000s ]
[ sql ] [ SQL ] SELECT * FROM `product` WHERE  `id` = 2 LIMIT 1 [ RunTime:0.000000s ]
[ sql ] [ SQL ] SHOW COLUMNS FROM `product_image` [ RunTime:0.005000s ]
[ sql ] [ SQL ] SELECT * FROM `product_image` WHERE  `product_id` = 2 ORDER BY `order`  asc [ RunTime:0.003000s ]
[ sql ] [ SQL ] SHOW COLUMNS FROM `product_property` [ RunTime:0.008001s ]
[ sql ] [ SQL ] SELECT * FROM `product_property` WHERE  `product_id` = 2 [ RunTime:0.000000s ]

---------------------------------------------------------------
[ 2017-06-23T20:05:18+08:00 ] [ sql ] [ DB ] CONNECT:[ UseTime:0.002000s ] mysql:dbname=zerg;host=127.0.0.1;charset=utf8
[ sql ] [ SQL ] SHOW COLUMNS FROM `category` [ RunTime:0.006000s ]
[ sql ] [ SQL ] SELECT * FROM `category` [ RunTime:0.000000s ]
[ sql ] [ SQL ] SHOW COLUMNS FROM `image` [ RunTime:0.002000s ]
[ sql ] [ SQL ] SELECT * FROM `image` WHERE  `id` IN (6,5,7,4,8,9) [ RunTime:0.001000s ]

---------------------------------------------------------------
[ 2017-06-23T20:05:18+08:00 ] [ sql ] [ DB ] CONNECT:[ UseTime:0.002000s ] mysql:dbname=zerg;host=127.0.0.1;charset=utf8
[ sql ] [ SQL ] SHOW COLUMNS FROM `product` [ RunTime:0.002000s ]
[ sql ] [ SQL ] SELECT * FROM `product` WHERE  `category_id` = 2 [ RunTime:0.000000s ]

---------------------------------------------------------------
[ 2017-06-23T20:05:20+08:00 ] [ sql ] [ DB ] CONNECT:[ UseTime:0.003000s ] mysql:dbname=zerg;host=127.0.0.1;charset=utf8
[ sql ] [ SQL ] SHOW COLUMNS FROM `product` [ RunTime:0.004000s ]
[ sql ] [ SQL ] SELECT * FROM `product` WHERE  `id` = 5 LIMIT 1 [ RunTime:0.001000s ]
[ sql ] [ SQL ] SHOW COLUMNS FROM `product_image` [ RunTime:0.004000s ]
[ sql ] [ SQL ] SELECT * FROM `product_image` WHERE  `product_id` = 5 ORDER BY `order`  asc [ RunTime:0.001000s ]
[ sql ] [ SQL ] SHOW COLUMNS FROM `product_property` [ RunTime:0.002000s ]
[ sql ] [ SQL ] SELECT * FROM `product_property` WHERE  `product_id` = 5 [ RunTime:0.000000s ]

---------------------------------------------------------------
[ 2017-06-23T20:09:46+08:00 ] [ sql ] [ DB ] CONNECT:[ UseTime:0.011000s ] mysql:dbname=zerg;host=127.0.0.1;charset=utf8
[ sql ] [ SQL ] SHOW COLUMNS FROM `banner` [ RunTime:0.003000s ]
[ sql ] [ SQL ] SELECT * FROM `banner` WHERE  `id` = 1 LIMIT 1 [ RunTime:0.001000s ]
[ sql ] [ SQL ] SHOW COLUMNS FROM `banner_item` [ RunTime:0.002000s ]
[ sql ] [ SQL ] SELECT * FROM `banner_item` WHERE  `banner_id` = 1 [ RunTime:0.001000s ]
[ sql ] [ SQL ] SELECT * FROM `banner_item` WHERE  `banner_id` = 1 [ RunTime:0.000000s ]
[ sql ] [ SQL ] SHOW COLUMNS FROM `image` [ RunTime:0.002000s ]
[ sql ] [ SQL ] SELECT * FROM `image` WHERE  `id` IN (65,2,3,1) [ RunTime:0.001000s ]

---------------------------------------------------------------
[ 2017-06-23T20:09:46+08:00 ] [ sql ] [ DB ] CONNECT:[ UseTime:0.005000s ] mysql:dbname=zerg;host=127.0.0.1;charset=utf8
[ sql ] [ SQL ] SHOW COLUMNS FROM `theme` [ RunTime:0.002000s ]
[ sql ] [ SQL ] SELECT * FROM `theme` WHERE  `id` IN (1,2,3) [ RunTime:0.002000s ]
[ sql ] [ SQL ] SHOW COLUMNS FROM `image` [ RunTime:0.002000s ]
[ sql ] [ SQL ] SELECT * FROM `image` WHERE  `id` IN (16,17,18) [ RunTime:0.000000s ]
[ sql ] [ SQL ] SELECT * FROM `image` WHERE  `id` IN (49,50,18) [ RunTime:0.000000s ]

---------------------------------------------------------------
[ 2017-06-23T20:09:46+08:00 ] [ sql ] [ DB ] CONNECT:[ UseTime:0.001000s ] mysql:dbname=zerg;host=127.0.0.1;charset=utf8
[ sql ] [ SQL ] SHOW COLUMNS FROM `product` [ RunTime:0.002000s ]
[ sql ] [ SQL ] SELECT * FROM `product` ORDER BY create_time desc LIMIT 15 [ RunTime:0.001000s ]

---------------------------------------------------------------
[ 2017-06-23T20:09:54+08:00 ] [ sql ] [ DB ] CONNECT:[ UseTime:0.002001s ] mysql:dbname=zerg;host=127.0.0.1;charset=utf8
[ sql ] [ SQL ] SHOW COLUMNS FROM `product` [ RunTime:0.002000s ]
[ sql ] [ SQL ] SELECT * FROM `product` WHERE  `id` = 4 LIMIT 1 [ RunTime:0.001000s ]
[ sql ] [ SQL ] SHOW COLUMNS FROM `product_image` [ RunTime:0.002000s ]
[ sql ] [ SQL ] SELECT * FROM `product_image` WHERE  `product_id` = 4 ORDER BY `order`  asc [ RunTime:0.001000s ]
[ sql ] [ SQL ] SHOW COLUMNS FROM `product_property` [ RunTime:0.002000s ]
[ sql ] [ SQL ] SELECT * FROM `product_property` WHERE  `product_id` = 4 [ RunTime:0.001000s ]

---------------------------------------------------------------
[ 2017-06-23T20:24:13+08:00 ] [ sql ] [ DB ] CONNECT:[ UseTime:0.003000s ] mysql:dbname=zerg;host=127.0.0.1;charset=utf8
[ sql ] [ SQL ] SHOW COLUMNS FROM `user_address` [ RunTime:0.006000s ]
[ sql ] [ SQL ] SELECT * FROM `user_address` WHERE  `user_id` = 1 LIMIT 1 [ RunTime:0.001000s ]

---------------------------------------------------------------
[ 2017-06-23T20:24:13+08:00 ] [ sql ] [ DB ] CONNECT:[ UseTime:0.005000s ] mysql:dbname=zerg;host=127.0.0.1;charset=utf8
[ sql ] [ SQL ] SHOW COLUMNS FROM `order` [ RunTime:0.005001s ]
[ sql ] [ SQL ] SELECT * FROM `order` WHERE  `user_id` = 1 ORDER BY `create_time`  desc LIMIT 0,16 [ RunTime:0.001000s ]

---------------------------------------------------------------
[ 2017-06-23T20:24:17+08:00 ] [ sql ] [ DB ] CONNECT:[ UseTime:0.001000s ] mysql:dbname=zerg;host=127.0.0.1;charset=utf8
[ sql ] [ SQL ] SHOW COLUMNS FROM `order` [ RunTime:0.001000s ]
[ sql ] [ SQL ] SELECT * FROM `order` WHERE  `id` = 98 LIMIT 1 [ RunTime:0.001000s ]

---------------------------------------------------------------
[ 2017-06-23T20:24:25+08:00 ] [ sql ] [ DB ] CONNECT:[ UseTime:0.002000s ] mysql:dbname=zerg;host=127.0.0.1;charset=utf8
[ sql ] [ SQL ] SHOW COLUMNS FROM `category` [ RunTime:0.005001s ]
[ sql ] [ SQL ] SELECT * FROM `category` [ RunTime:0.001000s ]
[ sql ] [ SQL ] SHOW COLUMNS FROM `image` [ RunTime:0.002000s ]
[ sql ] [ SQL ] SELECT * FROM `image` WHERE  `id` IN (6,5,7,4,8,9) [ RunTime:0.001000s ]

---------------------------------------------------------------
[ 2017-06-23T20:24:25+08:00 ] [ sql ] [ DB ] CONNECT:[ UseTime:0.002000s ] mysql:dbname=zerg;host=127.0.0.1;charset=utf8
[ sql ] [ SQL ] SHOW COLUMNS FROM `product` [ RunTime:0.002000s ]
[ sql ] [ SQL ] SELECT * FROM `product` WHERE  `category_id` = 2 [ RunTime:0.000000s ]

---------------------------------------------------------------
[ 2017-06-23T20:24:27+08:00 ] [ sql ] [ DB ] CONNECT:[ UseTime:0.016001s ] mysql:dbname=zerg;host=127.0.0.1;charset=utf8
[ sql ] [ SQL ] SHOW COLUMNS FROM `product` [ RunTime:0.001000s ]
[ sql ] [ SQL ] SELECT * FROM `product` WHERE  `id` = 10 LIMIT 1 [ RunTime:0.001000s ]
[ sql ] [ SQL ] SHOW COLUMNS FROM `product_image` [ RunTime:0.003000s ]
[ sql ] [ SQL ] SELECT * FROM `product_image` WHERE  `product_id` = 10 ORDER BY `order`  asc [ RunTime:0.001000s ]
[ sql ] [ SQL ] SHOW COLUMNS FROM `product_property` [ RunTime:0.002000s ]
[ sql ] [ SQL ] SELECT * FROM `product_property` WHERE  `product_id` = 10 [ RunTime:0.000000s ]

---------------------------------------------------------------
[ 2017-06-23T20:24:44+08:00 ] [ sql ] [ DB ] CONNECT:[ UseTime:0.001000s ] mysql:dbname=zerg;host=127.0.0.1;charset=utf8
[ sql ] [ SQL ] SHOW COLUMNS FROM `product` [ RunTime:0.001000s ]
[ sql ] [ SQL ] SELECT * FROM `product` WHERE  `id` = 10 LIMIT 1 [ RunTime:0.001000s ]
[ sql ] [ SQL ] SHOW COLUMNS FROM `product_image` [ RunTime:0.002000s ]
[ sql ] [ SQL ] SELECT * FROM `product_image` WHERE  `product_id` = 10 ORDER BY `order`  asc [ RunTime:0.002001s ]
[ sql ] [ SQL ] SHOW COLUMNS FROM `product_property` [ RunTime:0.002000s ]
[ sql ] [ SQL ] SELECT * FROM `product_property` WHERE  `product_id` = 10 [ RunTime:0.001000s ]

---------------------------------------------------------------
[ 2017-06-23T20:24:53+08:00 ] [ sql ] [ DB ] CONNECT:[ UseTime:0.012001s ] mysql:dbname=zerg;host=127.0.0.1;charset=utf8
[ sql ] [ SQL ] SHOW COLUMNS FROM `product` [ RunTime:0.001000s ]
[ sql ] [ SQL ] SELECT * FROM `product` WHERE  `id` = 10 LIMIT 1 [ RunTime:0.000000s ]
[ sql ] [ SQL ] SHOW COLUMNS FROM `product_image` [ RunTime:0.001000s ]
[ sql ] [ SQL ] SELECT * FROM `product_image` WHERE  `product_id` = 10 ORDER BY `order`  asc [ RunTime:0.001000s ]
[ sql ] [ SQL ] SHOW COLUMNS FROM `product_property` [ RunTime:0.001000s ]
[ sql ] [ SQL ] SELECT * FROM `product_property` WHERE  `product_id` = 10 [ RunTime:0.001000s ]

---------------------------------------------------------------
[ 2017-06-23T20:25:03+08:00 ] [ sql ] [ DB ] CONNECT:[ UseTime:0.011000s ] mysql:dbname=zerg;host=127.0.0.1;charset=utf8
[ sql ] [ SQL ] SHOW COLUMNS FROM `order` [ RunTime:0.001001s ]
[ sql ] [ SQL ] SELECT * FROM `order` WHERE  `user_id` = 1 ORDER BY `create_time`  desc LIMIT 15,16 [ RunTime:0.001000s ]

---------------------------------------------------------------
[ 2017-06-23T20:26:13+08:00 ] [ sql ] [ DB ] CONNECT:[ UseTime:0.012001s ] mysql:dbname=zerg;host=127.0.0.1;charset=utf8
[ sql ] [ SQL ] SHOW COLUMNS FROM `banner` [ RunTime:0.002000s ]
[ sql ] [ SQL ] SELECT * FROM `banner` WHERE  `id` = 1 LIMIT 1 [ RunTime:0.001000s ]
[ sql ] [ SQL ] SHOW COLUMNS FROM `banner_item` [ RunTime:0.002000s ]
[ sql ] [ SQL ] SELECT * FROM `banner_item` WHERE  `banner_id` = 1 [ RunTime:0.000000s ]
[ sql ] [ SQL ] SELECT * FROM `banner_item` WHERE  `banner_id` = 1 [ RunTime:0.001000s ]
[ sql ] [ SQL ] SHOW COLUMNS FROM `image` [ RunTime:0.001000s ]
[ sql ] [ SQL ] SELECT * FROM `image` WHERE  `id` IN (65,2,3,1) [ RunTime:0.000000s ]

---------------------------------------------------------------
[ 2017-06-23T20:26:13+08:00 ] [ sql ] [ DB ] CONNECT:[ UseTime:0.002000s ] mysql:dbname=zerg;host=127.0.0.1;charset=utf8
[ sql ] [ SQL ] SHOW COLUMNS FROM `product` [ RunTime:0.002000s ]
[ sql ] [ SQL ] SELECT * FROM `product` ORDER BY create_time desc LIMIT 15 [ RunTime:0.003000s ]

---------------------------------------------------------------
[ 2017-06-23T20:26:13+08:00 ] [ sql ] [ DB ] CONNECT:[ UseTime:0.005001s ] mysql:dbname=zerg;host=127.0.0.1;charset=utf8
[ sql ] [ SQL ] SHOW COLUMNS FROM `theme` [ RunTime:0.002000s ]
[ sql ] [ SQL ] SELECT * FROM `theme` WHERE  `id` IN (1,2,3) [ RunTime:0.001000s ]
[ sql ] [ SQL ] SHOW COLUMNS FROM `image` [ RunTime:0.002001s ]
[ sql ] [ SQL ] SELECT * FROM `image` WHERE  `id` IN (16,17,18) [ RunTime:0.001000s ]
[ sql ] [ SQL ] SELECT * FROM `image` WHERE  `id` IN (49,50,18) [ RunTime:0.001000s ]

---------------------------------------------------------------
[ 2017-06-23T20:26:18+08:00 ] [ sql ] [ DB ] CONNECT:[ UseTime:0.012001s ] mysql:dbname=zerg;host=127.0.0.1;charset=utf8
[ sql ] [ SQL ] SHOW COLUMNS FROM `category` [ RunTime:0.002000s ]
[ sql ] [ SQL ] SELECT * FROM `category` [ RunTime:0.000000s ]
[ sql ] [ SQL ] SHOW COLUMNS FROM `image` [ RunTime:0.000000s ]
[ sql ] [ SQL ] SELECT * FROM `image` WHERE  `id` IN (6,5,7,4,8,9) [ RunTime:0.001000s ]

---------------------------------------------------------------
[ 2017-06-23T20:26:18+08:00 ] [ sql ] [ DB ] CONNECT:[ UseTime:0.001000s ] mysql:dbname=zerg;host=127.0.0.1;charset=utf8
[ sql ] [ SQL ] SHOW COLUMNS FROM `product` [ RunTime:0.001000s ]
[ sql ] [ SQL ] SELECT * FROM `product` WHERE  `category_id` = 2 [ RunTime:0.000000s ]

---------------------------------------------------------------
[ 2017-06-23T20:26:19+08:00 ] [ sql ] [ DB ] CONNECT:[ UseTime:0.002001s ] mysql:dbname=zerg;host=127.0.0.1;charset=utf8
[ sql ] [ SQL ] SHOW COLUMNS FROM `product` [ RunTime:0.001000s ]
[ sql ] [ SQL ] SELECT * FROM `product` WHERE  `id` = 11 LIMIT 1 [ RunTime:0.002000s ]
[ sql ] [ SQL ] SHOW COLUMNS FROM `product_image` [ RunTime:0.002000s ]
[ sql ] [ SQL ] SELECT * FROM `product_image` WHERE  `product_id` = 11 ORDER BY `order`  asc [ RunTime:0.001000s ]
[ sql ] [ SQL ] SHOW COLUMNS FROM `image` [ RunTime:0.002000s ]
[ sql ] [ SQL ] SELECT * FROM `image` WHERE  `id` IN (19,20,21,22,23,24,25,26,27,29,28,62,63) [ RunTime:0.001000s ]
[ sql ] [ SQL ] SHOW COLUMNS FROM `product_property` [ RunTime:0.002000s ]
[ sql ] [ SQL ] SELECT * FROM `product_property` WHERE  `product_id` = 11 [ RunTime:0.002000s ]

---------------------------------------------------------------
[ 2017-06-23T20:26:44+08:00 ] [ sql ] [ DB ] CONNECT:[ UseTime:0.002000s ] mysql:dbname=zerg;host=127.0.0.1;charset=utf8
[ sql ] [ SQL ] SHOW COLUMNS FROM `product` [ RunTime:0.002000s ]
[ sql ] [ SQL ] SELECT * FROM `product` WHERE  `id` = 8 LIMIT 1 [ RunTime:0.002000s ]
[ sql ] [ SQL ] SHOW COLUMNS FROM `product_image` [ RunTime:0.002001s ]
[ sql ] [ SQL ] SELECT * FROM `product_image` WHERE  `product_id` = 8 ORDER BY `order`  asc [ RunTime:0.001000s ]
[ sql ] [ SQL ] SHOW COLUMNS FROM `product_property` [ RunTime:0.002000s ]
[ sql ] [ SQL ] SELECT * FROM `product_property` WHERE  `product_id` = 8 [ RunTime:0.001000s ]

---------------------------------------------------------------
[ 2017-06-23T20:40:35+08:00 ] [ sql ] [ DB ] CONNECT:[ UseTime:0.003000s ] mysql:dbname=zerg;host=127.0.0.1;charset=utf8
[ sql ] [ SQL ] SHOW COLUMNS FROM `banner` [ RunTime:0.002000s ]
[ sql ] [ SQL ] SELECT * FROM `banner` WHERE  `id` = 1 LIMIT 1 [ RunTime:0.001000s ]
[ sql ] [ SQL ] SHOW COLUMNS FROM `banner_item` [ RunTime:0.002001s ]
[ sql ] [ SQL ] SELECT * FROM `banner_item` WHERE  `banner_id` = 1 [ RunTime:0.000000s ]
[ sql ] [ SQL ] SELECT * FROM `banner_item` WHERE  `banner_id` = 1 [ RunTime:0.000000s ]
[ sql ] [ SQL ] SHOW COLUMNS FROM `image` [ RunTime:0.002001s ]
[ sql ] [ SQL ] SELECT * FROM `image` WHERE  `id` IN (65,2,3,1) [ RunTime:0.002000s ]

---------------------------------------------------------------
[ 2017-06-23T20:40:35+08:00 ] [ sql ] [ DB ] CONNECT:[ UseTime:0.001000s ] mysql:dbname=zerg;host=127.0.0.1;charset=utf8
[ sql ] [ SQL ] SHOW COLUMNS FROM `theme` [ RunTime:0.002000s ]
[ sql ] [ SQL ] SELECT * FROM `theme` WHERE  `id` IN (1,2,3) [ RunTime:0.001000s ]
[ sql ] [ SQL ] SHOW COLUMNS FROM `image` [ RunTime:0.001000s ]
[ sql ] [ SQL ] SELECT * FROM `image` WHERE  `id` IN (16,17,18) [ RunTime:0.001000s ]
[ sql ] [ SQL ] SELECT * FROM `image` WHERE  `id` IN (49,50,18) [ RunTime:0.000000s ]

---------------------------------------------------------------
[ 2017-06-23T20:40:35+08:00 ] [ sql ] [ DB ] CONNECT:[ UseTime:0.001000s ] mysql:dbname=zerg;host=127.0.0.1;charset=utf8
[ sql ] [ SQL ] SHOW COLUMNS FROM `product` [ RunTime:0.002001s ]
[ sql ] [ SQL ] SELECT * FROM `product` ORDER BY create_time desc LIMIT 15 [ RunTime:0.001000s ]

---------------------------------------------------------------
[ 2017-06-23T20:40:42+08:00 ] [ sql ] [ DB ] CONNECT:[ UseTime:0.001000s ] mysql:dbname=zerg;host=127.0.0.1;charset=utf8
[ sql ] [ SQL ] SHOW COLUMNS FROM `product` [ RunTime:0.001000s ]
[ sql ] [ SQL ] SELECT * FROM `product` WHERE  `id` = 6 LIMIT 1 [ RunTime:0.001000s ]
[ sql ] [ SQL ] SHOW COLUMNS FROM `product_image` [ RunTime:0.002000s ]
[ sql ] [ SQL ] SELECT * FROM `product_image` WHERE  `product_id` = 6 ORDER BY `order`  asc [ RunTime:0.000000s ]
[ sql ] [ SQL ] SHOW COLUMNS FROM `product_property` [ RunTime:0.001000s ]
[ sql ] [ SQL ] SELECT * FROM `product_property` WHERE  `product_id` = 6 [ RunTime:0.002000s ]

---------------------------------------------------------------
[ 2017-06-23T20:41:29+08:00 ] [ sql ] [ DB ] CONNECT:[ UseTime:0.002000s ] mysql:dbname=zerg;host=127.0.0.1;charset=utf8
[ sql ] [ SQL ] SHOW COLUMNS FROM `user` [ RunTime:0.002000s ]
[ sql ] [ SQL ] SELECT * FROM `user` WHERE  `openid` = 'oT0n90H5oVdCnRcQS1jzJxknL4K0' LIMIT 1 [ RunTime:0.001000s ]

---------------------------------------------------------------
[ 2017-06-23T20:41:30+08:00 ] [ sql ] [ DB ] CONNECT:[ UseTime:0.002000s ] mysql:dbname=zerg;host=127.0.0.1;charset=utf8
[ sql ] [ SQL ] SHOW COLUMNS FROM `banner` [ RunTime:0.002000s ]
[ sql ] [ SQL ] SELECT * FROM `banner` WHERE  `id` = 1 LIMIT 1 [ RunTime:0.000000s ]
[ sql ] [ SQL ] SHOW COLUMNS FROM `banner_item` [ RunTime:0.002000s ]
[ sql ] [ SQL ] SELECT * FROM `banner_item` WHERE  `banner_id` = 1 [ RunTime:0.001000s ]
[ sql ] [ SQL ] SELECT * FROM `banner_item` WHERE  `banner_id` = 1 [ RunTime:0.001000s ]
[ sql ] [ SQL ] SHOW COLUMNS FROM `image` [ RunTime:0.002000s ]
[ sql ] [ SQL ] SELECT * FROM `image` WHERE  `id` IN (65,2,3,1) [ RunTime:0.001000s ]

---------------------------------------------------------------
[ 2017-06-23T20:41:30+08:00 ] [ sql ] [ DB ] CONNECT:[ UseTime:0.004000s ] mysql:dbname=zerg;host=127.0.0.1;charset=utf8
[ sql ] [ SQL ] SHOW COLUMNS FROM `product` [ RunTime:0.002000s ]
[ sql ] [ SQL ] SELECT * FROM `product` ORDER BY create_time desc LIMIT 15 [ RunTime:0.000000s ]

---------------------------------------------------------------
[ 2017-06-23T20:41:30+08:00 ] [ sql ] [ DB ] CONNECT:[ UseTime:0.003000s ] mysql:dbname=zerg;host=127.0.0.1;charset=utf8
[ sql ] [ SQL ] SHOW COLUMNS FROM `theme` [ RunTime:0.002001s ]
[ sql ] [ SQL ] SELECT * FROM `theme` WHERE  `id` IN (1,2,3) [ RunTime:0.004000s ]
[ sql ] [ SQL ] SHOW COLUMNS FROM `image` [ RunTime:0.001000s ]
[ sql ] [ SQL ] SELECT * FROM `image` WHERE  `id` IN (16,17,18) [ RunTime:0.000000s ]
[ sql ] [ SQL ] SELECT * FROM `image` WHERE  `id` IN (49,50,18) [ RunTime:0.001000s ]

---------------------------------------------------------------
[ 2017-06-23T20:41:33+08:00 ] [ sql ] [ DB ] CONNECT:[ UseTime:0.001000s ] mysql:dbname=zerg;host=127.0.0.1;charset=utf8
[ sql ] [ SQL ] SHOW COLUMNS FROM `category` [ RunTime:0.001000s ]
[ sql ] [ SQL ] SELECT * FROM `category` [ RunTime:0.000000s ]
[ sql ] [ SQL ] SHOW COLUMNS FROM `image` [ RunTime:0.002001s ]
[ sql ] [ SQL ] SELECT * FROM `image` WHERE  `id` IN (6,5,7,4,8,9) [ RunTime:0.001000s ]

---------------------------------------------------------------
[ 2017-06-23T20:41:33+08:00 ] [ sql ] [ DB ] CONNECT:[ UseTime:0.001000s ] mysql:dbname=zerg;host=127.0.0.1;charset=utf8
[ sql ] [ SQL ] SHOW COLUMNS FROM `product` [ RunTime:0.002000s ]
[ sql ] [ SQL ] SELECT * FROM `product` WHERE  `category_id` = 2 [ RunTime:0.000000s ]

---------------------------------------------------------------
[ 2017-06-23T20:41:35+08:00 ] [ sql ] [ DB ] CONNECT:[ UseTime:0.003000s ] mysql:dbname=zerg;host=127.0.0.1;charset=utf8
[ sql ] [ SQL ] SHOW COLUMNS FROM `product` [ RunTime:0.001000s ]
[ sql ] [ SQL ] SELECT * FROM `product` WHERE  `id` = 11 LIMIT 1 [ RunTime:0.001000s ]
[ sql ] [ SQL ] SHOW COLUMNS FROM `product_image` [ RunTime:0.002000s ]
[ sql ] [ SQL ] SELECT * FROM `product_image` WHERE  `product_id` = 11 ORDER BY `order`  asc [ RunTime:0.003000s ]
[ sql ] [ SQL ] SHOW COLUMNS FROM `image` [ RunTime:0.002001s ]
[ sql ] [ SQL ] SELECT * FROM `image` WHERE  `id` IN (19,20,21,22,23,24,25,26,27,29,28,62,63) [ RunTime:0.001000s ]
[ sql ] [ SQL ] SHOW COLUMNS FROM `product_property` [ RunTime:0.003001s ]
[ sql ] [ SQL ] SELECT * FROM `product_property` WHERE  `product_id` = 11 [ RunTime:0.000000s ]

---------------------------------------------------------------
[ 2017-06-23T20:41:46+08:00 ] [ sql ] [ DB ] CONNECT:[ UseTime:0.004000s ] mysql:dbname=zerg;host=127.0.0.1;charset=utf8
[ sql ] [ SQL ] SHOW COLUMNS FROM `product` [ RunTime:0.001000s ]
[ sql ] [ SQL ] SELECT * FROM `product` WHERE  `id` = 8 LIMIT 1 [ RunTime:0.002000s ]
[ sql ] [ SQL ] SHOW COLUMNS FROM `product_image` [ RunTime:0.009001s ]
[ sql ] [ SQL ] SELECT * FROM `product_image` WHERE  `product_id` = 8 ORDER BY `order`  asc [ RunTime:0.001000s ]
[ sql ] [ SQL ] SHOW COLUMNS FROM `product_property` [ RunTime:0.001000s ]
[ sql ] [ SQL ] SELECT * FROM `product_property` WHERE  `product_id` = 8 [ RunTime:0.001000s ]

---------------------------------------------------------------
[ 2017-06-23T20:41:56+08:00 ] [ sql ] [ DB ] CONNECT:[ UseTime:0.002000s ] mysql:dbname=zerg;host=127.0.0.1;charset=utf8
[ sql ] [ SQL ] SHOW COLUMNS FROM `product` [ RunTime:0.002001s ]
[ sql ] [ SQL ] SELECT * FROM `product` WHERE  `id` = 25 LIMIT 1 [ RunTime:0.002000s ]
[ sql ] [ SQL ] SHOW COLUMNS FROM `product_image` [ RunTime:0.002000s ]
[ sql ] [ SQL ] SELECT * FROM `product_image` WHERE  `product_id` = 25 ORDER BY `order`  asc [ RunTime:0.001000s ]
[ sql ] [ SQL ] SHOW COLUMNS FROM `product_property` [ RunTime:0.002000s ]
[ sql ] [ SQL ] SELECT * FROM `product_property` WHERE  `product_id` = 25 [ RunTime:0.000000s ]

---------------------------------------------------------------
[ 2017-06-23T21:17:48+08:00 ] [ sql ] [ DB ] CONNECT:[ UseTime:0.001000s ] mysql:dbname=zerg;host=127.0.0.1;charset=utf8
[ sql ] [ SQL ] SHOW COLUMNS FROM `theme` [ RunTime:0.010001s ]
[ sql ] [ SQL ] SELECT * FROM `theme` WHERE  `id` IN (1,2,3) [ RunTime:0.001000s ]
[ sql ] [ SQL ] SHOW COLUMNS FROM `image` [ RunTime:0.006000s ]
[ sql ] [ SQL ] SELECT * FROM `image` WHERE  `id` IN (16,17,18) [ RunTime:0.001000s ]
[ sql ] [ SQL ] SELECT * FROM `image` WHERE  `id` IN (49,50,18) [ RunTime:0.001000s ]

---------------------------------------------------------------
[ 2017-06-23T21:17:48+08:00 ] [ sql ] [ DB ] CONNECT:[ UseTime:0.027002s ] mysql:dbname=zerg;host=127.0.0.1;charset=utf8
[ sql ] [ SQL ] SHOW COLUMNS FROM `banner` [ RunTime:0.033002s ]
[ sql ] [ SQL ] SELECT * FROM `banner` WHERE  `id` = 1 LIMIT 1 [ RunTime:0.001000s ]
[ sql ] [ SQL ] SHOW COLUMNS FROM `banner_item` [ RunTime:0.007000s ]
[ sql ] [ SQL ] SELECT * FROM `banner_item` WHERE  `banner_id` = 1 [ RunTime:0.000000s ]
[ sql ] [ SQL ] SELECT * FROM `banner_item` WHERE  `banner_id` = 1 [ RunTime:0.000000s ]
[ sql ] [ SQL ] SHOW COLUMNS FROM `image` [ RunTime:0.001000s ]
[ sql ] [ SQL ] SELECT * FROM `image` WHERE  `id` IN (65,2,3,1) [ RunTime:0.000000s ]

---------------------------------------------------------------
[ 2017-06-23T21:17:48+08:00 ] [ sql ] [ DB ] CONNECT:[ UseTime:0.015001s ] mysql:dbname=zerg;host=127.0.0.1;charset=utf8
[ sql ] [ SQL ] SHOW COLUMNS FROM `product` [ RunTime:0.025002s ]
[ sql ] [ SQL ] SELECT * FROM `product` ORDER BY create_time desc LIMIT 15 [ RunTime:0.001000s ]

---------------------------------------------------------------
[ 2017-06-23T22:12:23+08:00 ] [ sql ] [ DB ] CONNECT:[ UseTime:0.001001s ] mysql:dbname=zerg;host=127.0.0.1;charset=utf8
[ sql ] [ SQL ] SHOW COLUMNS FROM `banner` [ RunTime:0.002000s ]
[ sql ] [ SQL ] SELECT * FROM `banner` WHERE  `id` = 1 LIMIT 1 [ RunTime:0.001000s ]
[ sql ] [ SQL ] SHOW COLUMNS FROM `banner_item` [ RunTime:0.002000s ]
[ sql ] [ SQL ] SELECT * FROM `banner_item` WHERE  `banner_id` = 1 [ RunTime:0.001000s ]
[ sql ] [ SQL ] SELECT * FROM `banner_item` WHERE  `banner_id` = 1 [ RunTime:0.000000s ]
[ sql ] [ SQL ] SHOW COLUMNS FROM `image` [ RunTime:0.002000s ]
[ sql ] [ SQL ] SELECT * FROM `image` WHERE  `id` IN (65,2,3,1) [ RunTime:0.001000s ]

---------------------------------------------------------------
[ 2017-06-23T22:12:23+08:00 ] [ sql ] [ DB ] CONNECT:[ UseTime:0.004000s ] mysql:dbname=zerg;host=127.0.0.1;charset=utf8
[ sql ] [ SQL ] SHOW COLUMNS FROM `theme` [ RunTime:0.002000s ]
[ sql ] [ SQL ] SELECT * FROM `theme` WHERE  `id` IN (1,2,3) [ RunTime:0.001000s ]
[ sql ] [ SQL ] SHOW COLUMNS FROM `image` [ RunTime:0.002001s ]
[ sql ] [ SQL ] SELECT * FROM `image` WHERE  `id` IN (16,17,18) [ RunTime:0.003000s ]
[ sql ] [ SQL ] SELECT * FROM `image` WHERE  `id` IN (49,50,18) [ RunTime:0.001000s ]

---------------------------------------------------------------
[ 2017-06-23T22:12:23+08:00 ] [ sql ] [ DB ] CONNECT:[ UseTime:0.007001s ] mysql:dbname=zerg;host=127.0.0.1;charset=utf8
[ sql ] [ SQL ] SHOW COLUMNS FROM `product` [ RunTime:0.002000s ]
[ sql ] [ SQL ] SELECT * FROM `product` ORDER BY create_time desc LIMIT 15 [ RunTime:0.001000s ]

---------------------------------------------------------------
[ 2017-06-23T22:12:24+08:00 ] [ sql ] [ DB ] CONNECT:[ UseTime:0.004001s ] mysql:dbname=zerg;host=127.0.0.1;charset=utf8
[ sql ] [ SQL ] SHOW COLUMNS FROM `theme` [ RunTime:0.003000s ]
[ sql ] [ SQL ] SELECT * FROM `theme` WHERE  `id` IN (1,2,3) [ RunTime:0.001000s ]
[ sql ] [ SQL ] SHOW COLUMNS FROM `image` [ RunTime:0.002000s ]
[ sql ] [ SQL ] SELECT * FROM `image` WHERE  `id` IN (16,17,18) [ RunTime:0.000000s ]
[ sql ] [ SQL ] SELECT * FROM `image` WHERE  `id` IN (49,50,18) [ RunTime:0.003000s ]

---------------------------------------------------------------
[ 2017-06-23T22:12:24+08:00 ] [ sql ] [ DB ] CONNECT:[ UseTime:0.002000s ] mysql:dbname=zerg;host=127.0.0.1;charset=utf8
[ sql ] [ SQL ] SHOW COLUMNS FROM `product` [ RunTime:0.003000s ]
[ sql ] [ SQL ] SELECT * FROM `product` ORDER BY create_time desc LIMIT 15 [ RunTime:0.001000s ]

---------------------------------------------------------------
[ 2017-06-23T22:12:24+08:00 ] [ sql ] [ DB ] CONNECT:[ UseTime:0.001000s ] mysql:dbname=zerg;host=127.0.0.1;charset=utf8
[ sql ] [ SQL ] SHOW COLUMNS FROM `banner` [ RunTime:0.001000s ]
[ sql ] [ SQL ] SELECT * FROM `banner` WHERE  `id` = 1 LIMIT 1 [ RunTime:0.000000s ]
[ sql ] [ SQL ] SHOW COLUMNS FROM `banner_item` [ RunTime:0.002000s ]
[ sql ] [ SQL ] SELECT * FROM `banner_item` WHERE  `banner_id` = 1 [ RunTime:0.001000s ]
[ sql ] [ SQL ] SELECT * FROM `banner_item` WHERE  `banner_id` = 1 [ RunTime:0.000000s ]
[ sql ] [ SQL ] SHOW COLUMNS FROM `image` [ RunTime:0.001000s ]
[ sql ] [ SQL ] SELECT * FROM `image` WHERE  `id` IN (65,2,3,1) [ RunTime:0.001000s ]

---------------------------------------------------------------
[ 2017-06-23T22:12:32+08:00 ] [ sql ] [ DB ] CONNECT:[ UseTime:0.001000s ] mysql:dbname=zerg;host=127.0.0.1;charset=utf8
[ sql ] [ SQL ] SHOW COLUMNS FROM `category` [ RunTime:0.007000s ]
[ sql ] [ SQL ] SELECT * FROM `category` [ RunTime:0.001000s ]
[ sql ] [ SQL ] SHOW COLUMNS FROM `image` [ RunTime:0.002000s ]
[ sql ] [ SQL ] SELECT * FROM `image` WHERE  `id` IN (6,5,7,4,8,9) [ RunTime:0.001000s ]

---------------------------------------------------------------
[ 2017-06-23T22:12:32+08:00 ] [ sql ] [ DB ] CONNECT:[ UseTime:0.001000s ] mysql:dbname=zerg;host=127.0.0.1;charset=utf8
[ sql ] [ SQL ] SHOW COLUMNS FROM `product` [ RunTime:0.002000s ]
[ sql ] [ SQL ] SELECT * FROM `product` WHERE  `category_id` = 2 [ RunTime:0.001000s ]

---------------------------------------------------------------
[ 2017-06-23T22:12:35+08:00 ] [ sql ] [ DB ] CONNECT:[ UseTime:0.003000s ] mysql:dbname=zerg;host=127.0.0.1;charset=utf8
[ sql ] [ SQL ] SHOW COLUMNS FROM `product` [ RunTime:0.002001s ]
[ sql ] [ SQL ] SELECT * FROM `product` WHERE  `id` = 10 LIMIT 1 [ RunTime:0.001000s ]
[ sql ] [ SQL ] SHOW COLUMNS FROM `product_image` [ RunTime:0.005000s ]
[ sql ] [ SQL ] SELECT * FROM `product_image` WHERE  `product_id` = 10 ORDER BY `order`  asc [ RunTime:0.001001s ]
[ sql ] [ SQL ] SHOW COLUMNS FROM `product_property` [ RunTime:0.004000s ]
[ sql ] [ SQL ] SELECT * FROM `product_property` WHERE  `product_id` = 10 [ RunTime:0.002000s ]

---------------------------------------------------------------
[ 2017-06-23T22:12:40+08:00 ] [ sql ] [ DB ] CONNECT:[ UseTime:0.004000s ] mysql:dbname=zerg;host=127.0.0.1;charset=utf8
[ sql ] [ SQL ] SHOW COLUMNS FROM `order` [ RunTime:0.056003s ]
[ sql ] [ SQL ] SELECT * FROM `order` WHERE  `user_id` = 1 ORDER BY `create_time`  desc LIMIT 0,16 [ RunTime:0.002000s ]

---------------------------------------------------------------
[ 2017-06-23T22:12:40+08:00 ] [ sql ] [ DB ] CONNECT:[ UseTime:0.002001s ] mysql:dbname=zerg;host=127.0.0.1;charset=utf8
[ sql ] [ SQL ] SHOW COLUMNS FROM `user_address` [ RunTime:0.006000s ]
[ sql ] [ SQL ] SELECT * FROM `user_address` WHERE  `user_id` = 1 LIMIT 1 [ RunTime:0.000000s ]

---------------------------------------------------------------
[ 2017-06-23T22:12:49+08:00 ] [ sql ] [ DB ] CONNECT:[ UseTime:0.001000s ] mysql:dbname=zerg;host=127.0.0.1;charset=utf8
[ sql ] [ SQL ] SHOW COLUMNS FROM `order` [ RunTime:0.003000s ]
[ sql ] [ SQL ] SELECT * FROM `order` WHERE  `id` = 99 LIMIT 1 [ RunTime:0.001001s ]

---------------------------------------------------------------
[ 2017-06-23T23:06:03+08:00 ] [ sql ] [ DB ] CONNECT:[ UseTime:0.002001s ] mysql:dbname=zerg;host=127.0.0.1;charset=utf8
[ sql ] [ SQL ] SHOW COLUMNS FROM `user` [ RunTime:0.003000s ]
[ sql ] [ SQL ] SELECT * FROM `user` WHERE  `openid` = 'oT0n90H5oVdCnRcQS1jzJxknL4K0' LIMIT 1 [ RunTime:0.001000s ]

---------------------------------------------------------------
[ 2017-06-23T23:06:03+08:00 ] [ sql ] [ DB ] CONNECT:[ UseTime:0.002000s ] mysql:dbname=zerg;host=127.0.0.1;charset=utf8
[ sql ] [ SQL ] SHOW COLUMNS FROM `banner` [ RunTime:0.001000s ]
[ sql ] [ SQL ] SELECT * FROM `banner` WHERE  `id` = 1 LIMIT 1 [ RunTime:0.001000s ]
[ sql ] [ SQL ] SHOW COLUMNS FROM `banner_item` [ RunTime:0.001000s ]
[ sql ] [ SQL ] SELECT * FROM `banner_item` WHERE  `banner_id` = 1 [ RunTime:0.000000s ]
[ sql ] [ SQL ] SELECT * FROM `banner_item` WHERE  `banner_id` = 1 [ RunTime:0.001000s ]
[ sql ] [ SQL ] SHOW COLUMNS FROM `image` [ RunTime:0.001000s ]
[ sql ] [ SQL ] SELECT * FROM `image` WHERE  `id` IN (65,2,3,1) [ RunTime:0.000000s ]

---------------------------------------------------------------
[ 2017-06-23T23:06:03+08:00 ] [ sql ] [ DB ] CONNECT:[ UseTime:0.005000s ] mysql:dbname=zerg;host=127.0.0.1;charset=utf8
[ sql ] [ SQL ] SHOW COLUMNS FROM `product` [ RunTime:0.002000s ]
[ sql ] [ SQL ] SELECT * FROM `product` ORDER BY create_time desc LIMIT 15 [ RunTime:0.001000s ]

---------------------------------------------------------------
[ 2017-06-23T23:06:03+08:00 ] [ sql ] [ DB ] CONNECT:[ UseTime:0.002000s ] mysql:dbname=zerg;host=127.0.0.1;charset=utf8
[ sql ] [ SQL ] SHOW COLUMNS FROM `theme` [ RunTime:0.001000s ]
[ sql ] [ SQL ] SELECT * FROM `theme` WHERE  `id` IN (1,2,3) [ RunTime:0.002001s ]
[ sql ] [ SQL ] SHOW COLUMNS FROM `image` [ RunTime:0.002000s ]
[ sql ] [ SQL ] SELECT * FROM `image` WHERE  `id` IN (16,17,18) [ RunTime:0.001000s ]
[ sql ] [ SQL ] SELECT * FROM `image` WHERE  `id` IN (49,50,18) [ RunTime:0.000000s ]

---------------------------------------------------------------
[ 2017-06-23T23:06:24+08:00 ] [ sql ] [ DB ] CONNECT:[ UseTime:0.001000s ] mysql:dbname=zerg;host=127.0.0.1;charset=utf8
[ sql ] [ SQL ] SHOW COLUMNS FROM `banner` [ RunTime:0.002000s ]
[ sql ] [ SQL ] SELECT * FROM `banner` WHERE  `id` = 1 LIMIT 1 [ RunTime:0.003001s ]
[ sql ] [ SQL ] SHOW COLUMNS FROM `banner_item` [ RunTime:0.002000s ]
[ sql ] [ SQL ] SELECT * FROM `banner_item` WHERE  `banner_id` = 1 [ RunTime:0.001000s ]
[ sql ] [ SQL ] SELECT * FROM `banner_item` WHERE  `banner_id` = 1 [ RunTime:0.000000s ]
[ sql ] [ SQL ] SHOW COLUMNS FROM `image` [ RunTime:0.001000s ]
[ sql ] [ SQL ] SELECT * FROM `image` WHERE  `id` IN (65,2,3,1) [ RunTime:0.001000s ]

---------------------------------------------------------------
[ 2017-06-23T23:06:24+08:00 ] [ sql ] [ DB ] CONNECT:[ UseTime:0.002000s ] mysql:dbname=zerg;host=127.0.0.1;charset=utf8
[ sql ] [ SQL ] SHOW COLUMNS FROM `product` [ RunTime:0.002000s ]
[ sql ] [ SQL ] SELECT * FROM `product` ORDER BY create_time desc LIMIT 15 [ RunTime:0.001000s ]

---------------------------------------------------------------
[ 2017-06-23T23:06:24+08:00 ] [ sql ] [ DB ] CONNECT:[ UseTime:0.001000s ] mysql:dbname=zerg;host=127.0.0.1;charset=utf8
[ sql ] [ SQL ] SHOW COLUMNS FROM `theme` [ RunTime:0.002000s ]
[ sql ] [ SQL ] SELECT * FROM `theme` WHERE  `id` IN (1,2,3) [ RunTime:0.002001s ]
[ sql ] [ SQL ] SHOW COLUMNS FROM `image` [ RunTime:0.002000s ]
[ sql ] [ SQL ] SELECT * FROM `image` WHERE  `id` IN (16,17,18) [ RunTime:0.000000s ]
[ sql ] [ SQL ] SELECT * FROM `image` WHERE  `id` IN (49,50,18) [ RunTime:0.000000s ]

---------------------------------------------------------------
[ 2017-06-23T23:52:20+08:00 ] [ sql ] [ DB ] CONNECT:[ UseTime:0.002001s ] mysql:dbname=zerg;host=127.0.0.1;charset=utf8
[ sql ] [ SQL ] SHOW COLUMNS FROM `banner` [ RunTime:0.002000s ]
[ sql ] [ SQL ] SELECT * FROM `banner` WHERE  `id` = 1 LIMIT 1 [ RunTime:0.001000s ]
[ sql ] [ SQL ] SHOW COLUMNS FROM `banner_item` [ RunTime:0.002000s ]
[ sql ] [ SQL ] SELECT * FROM `banner_item` WHERE  `banner_id` = 1 [ RunTime:0.001000s ]
[ sql ] [ SQL ] SELECT * FROM `banner_item` WHERE  `banner_id` = 1 [ RunTime:0.001000s ]
[ sql ] [ SQL ] SHOW COLUMNS FROM `image` [ RunTime:0.001000s ]
[ sql ] [ SQL ] SELECT * FROM `image` WHERE  `id` IN (65,2,3,1) [ RunTime:0.001000s ]

---------------------------------------------------------------
[ 2017-06-23T23:52:20+08:00 ] [ sql ] [ DB ] CONNECT:[ UseTime:0.003000s ] mysql:dbname=zerg;host=127.0.0.1;charset=utf8
[ sql ] [ SQL ] SHOW COLUMNS FROM `theme` [ RunTime:0.005000s ]
[ sql ] [ SQL ] SELECT * FROM `theme` WHERE  `id` IN (1,2,3) [ RunTime:0.001000s ]
[ sql ] [ SQL ] SHOW COLUMNS FROM `image` [ RunTime:0.005001s ]
[ sql ] [ SQL ] SELECT * FROM `image` WHERE  `id` IN (16,17,18) [ RunTime:0.001000s ]
[ sql ] [ SQL ] SELECT * FROM `image` WHERE  `id` IN (49,50,18) [ RunTime:0.001000s ]

---------------------------------------------------------------
[ 2017-06-23T23:52:20+08:00 ] [ sql ] [ DB ] CONNECT:[ UseTime:0.001000s ] mysql:dbname=zerg;host=127.0.0.1;charset=utf8
[ sql ] [ SQL ] SHOW COLUMNS FROM `product` [ RunTime:0.002000s ]
[ sql ] [ SQL ] SELECT * FROM `product` ORDER BY create_time desc LIMIT 15 [ RunTime:0.001000s ]

---------------------------------------------------------------
