[ 2017-06-24T12:51:18+08:00 ] [ sql ] [ DB ] CONNECT:[ UseTime:0.010000s ] mysql:dbname=zerg;host=127.0.0.1;charset=utf8
[ sql ] [ SQL ] SHOW COLUMNS FROM `user` [ RunTime:0.010001s ]
[ sql ] [ SQL ] SELECT * FROM `user` WHERE  `openid` = 'oT0n90H5oVdCnRcQS1jzJxknL4K0' LIMIT 1 [ RunTime:0.001000s ]

---------------------------------------------------------------
[ 2017-06-24T12:51:19+08:00 ] [ sql ] [ DB ] CONNECT:[ UseTime:0.002000s ] mysql:dbname=zerg;host=127.0.0.1;charset=utf8
[ sql ] [ SQL ] SHOW COLUMNS FROM `theme` [ RunTime:0.017001s ]
[ sql ] [ SQL ] SELECT * FROM `theme` WHERE  `id` IN (1,2,3) [ RunTime:0.001000s ]
[ sql ] [ SQL ] SHOW COLUMNS FROM `image` [ RunTime:0.007000s ]
[ sql ] [ SQL ] SELECT * FROM `image` WHERE  `id` IN (16,17,18) [ RunTime:0.001001s ]
[ sql ] [ SQL ] SELECT * FROM `image` WHERE  `id` IN (49,50,18) [ RunTime:0.001000s ]

---------------------------------------------------------------
[ 2017-06-24T12:51:19+08:00 ] [ sql ] [ DB ] CONNECT:[ UseTime:0.018001s ] mysql:dbname=zerg;host=127.0.0.1;charset=utf8
[ sql ] [ SQL ] SHOW COLUMNS FROM `banner` [ RunTime:0.092005s ]
[ sql ] [ SQL ] SELECT * FROM `banner` WHERE  `id` = 1 LIMIT 1 [ RunTime:0.002000s ]
[ sql ] [ SQL ] SHOW COLUMNS FROM `banner_item` [ RunTime:0.011000s ]
[ sql ] [ SQL ] SELECT * FROM `banner_item` WHERE  `banner_id` = 1 [ RunTime:0.001000s ]
[ sql ] [ SQL ] SELECT * FROM `banner_item` WHERE  `banner_id` = 1 [ RunTime:0.001000s ]
[ sql ] [ SQL ] SHOW COLUMNS FROM `image` [ RunTime:0.002000s ]
[ sql ] [ SQL ] SELECT * FROM `image` WHERE  `id` IN (65,2,3,1) [ RunTime:0.002000s ]

---------------------------------------------------------------
[ 2017-06-24T12:51:19+08:00 ] [ sql ] [ DB ] CONNECT:[ UseTime:0.018001s ] mysql:dbname=zerg;host=127.0.0.1;charset=utf8
[ sql ] [ SQL ] SHOW COLUMNS FROM `product` [ RunTime:0.024001s ]
[ sql ] [ SQL ] SELECT * FROM `product` ORDER BY create_time desc LIMIT 15 [ RunTime:0.001000s ]

---------------------------------------------------------------
[ 2017-06-24T21:36:22+08:00 ] [ sql ] [ DB ] CONNECT:[ UseTime:0.004001s ] mysql:dbname=zerg;host=127.0.0.1;charset=utf8
[ sql ] [ SQL ] SHOW COLUMNS FROM `user` [ RunTime:0.004000s ]
[ sql ] [ SQL ] SELECT * FROM `user` WHERE  `openid` = 'oT0n90H5oVdCnRcQS1jzJxknL4K0' LIMIT 1 [ RunTime:0.000000s ]

---------------------------------------------------------------
[ 2017-06-24T21:36:24+08:00 ] [ sql ] [ DB ] CONNECT:[ UseTime:0.001000s ] mysql:dbname=zerg;host=127.0.0.1;charset=utf8
[ sql ] [ SQL ] SHOW COLUMNS FROM `product` [ RunTime:0.001001s ]
[ sql ] [ SQL ] SELECT * FROM `product` WHERE  `id` IN (1,2) [ RunTime:0.001000s ]
[ sql ] [ SQL ] SHOW COLUMNS FROM `user_address` [ RunTime:0.001000s ]
[ sql ] [ SQL ] SELECT * FROM `user_address` WHERE  `user_id` = 1 LIMIT 1 [ RunTime:0.001000s ]
[ sql ] [ SQL ] SHOW COLUMNS FROM `order` [ RunTime:0.001000s ]
[ sql ] [ SQL ] INSERT INTO `order` (`user_id` , `order_no` , `total_price` , `total_count` , `snap_img` , `snap_name` , `snap_address` , `snap_items` , `update_time` , `create_time`) VALUES (1 , 'A624113842638933' , 0.05 , 5 , 'http://z.cn/images/product-vg@1.png' , '芹菜 半斤等' , '{\"name\":\"\\u674e\\u56db\",\"mobile\":\"18888888888\",\"province\":\"\\u5e7f\\u4e1c\\u7701\",\"city\":\"\\u5e7f\\u5dde\\u5e02\",\"country\":\"\\u5929\\u6cb3\\u533a\",\"detail\":\"\\u67d0\\u5df7\\u67d0\\u53f7\",\"update_time\":\"1970-01-01 08:00:00\"}' , '[{\"id\":1,\"havaStock\":true,\"counts\":2,\"price\":\"0.01\",\"name\":\"\\u82b9\\u83dc \\u534a\\u65a4\",\"totalPrice\":0.02,\"main_img_url\":\"http:\\/\\/z.cn\\/images\\/product-vg@1.png\"},{\"id\":2,\"havaStock\":true,\"counts\":3,\"price\":\"0.01\",\"name\":\"\\u68a8\\u82b1\\u5e26\\u96e8 3\\u4e2a\",\"totalPrice\":0.03,\"main_img_url\":\"http:\\/\\/z.cn\\/images\\/product-dryfruit@1.png\"}]' , 1498311384 , 1498311384) [ RunTime:0.002001s ]
[ sql ] [ SQL ] SHOW COLUMNS FROM `order_product` [ RunTime:0.004000s ]
[ sql ] [ SQL ] INSERT INTO `order_product` (`product_id` , `count` , `order_id`) VALUES (1 , 2 , 102) [ RunTime:0.000000s ]
[ sql ] [ SQL ] INSERT INTO `order_product` (`product_id` , `count` , `order_id`) VALUES (2 , 3 , 102) [ RunTime:0.001000s ]

---------------------------------------------------------------
[ 2017-06-24T21:36:24+08:00 ] [ error ] array (
  'return_code' => 'FAIL',
  'return_msg' => '商户号mch_id与appid不匹配',
)
[ error ] 获取预支付订单失败
[ error ] [8]未定义数组索引: prepay_id
[ error ] Undefined index: prepay_id

---------------------------------------------------------------
